  CREATE_STREAM @0 {NAME:uart_basic_seq T:Transactions SCOPE:uvm_test_top.uart_env_h.uart_master_agent_h.uart_sequencer_h STREAM:810}
  CREATE_STREAM @0 {NAME:uart_basic_seq T:Transactions SCOPE:uvm_test_top.uart_env_h.uart_master_agent_h.uart_sequencer_h STREAM:810}
  CREATE_STREAM @0 {NAME:uart_basic_seq T:Transactions SCOPE:uvm_test_top.uart_env_h.uart_master_agent_h.uart_sequencer_h STREAM:808}
  CREATE_STREAM @0 {NAME:uart_basic_seq T:Transactions SCOPE:uvm_test_top.uart_env_h.uart_master_agent_h.uart_sequencer_h STREAM:808}
  CREATE_STREAM @0 {NAME:uart_basic_seq T:Transactions SCOPE:uvm_test_top.uart_env_h.uart_master_agent_h.uart_sequencer_h STREAM:808}
  CREATE_STREAM @0 {NAME:uart_basic_seq T:Transactions SCOPE:uvm_test_top.uart_env_h.uart_master_agent_h.uart_sequencer_h STREAM:808}
  CREATE_STREAM @0 {NAME:uart_basic_seq T:Transactions SCOPE:uvm_test_top.uart_env_h.uart_master_agent_h.uart_sequencer_h STREAM:796}
  CREATE_STREAM @0 {NAME:uart_basic_seq T:Transactions SCOPE:uvm_test_top.uart_env_h.uart_master_agent_h.uart_sequencer_h STREAM:796}
  CREATE_STREAM @0 {NAME:uart_basic_seq T:Transactions SCOPE:uvm_test_top.uart_env_h.uart_master_agent_h.uart_sequencer_h STREAM:796}
  CREATE_STREAM @0 {NAME:uart_basic_seq T:Transactions SCOPE:uvm_test_top.uart_env_h.uart_master_agent_h.uart_sequencer_h STREAM:796}
  CREATE_STREAM @0 {NAME:uart_basic_seq T:Transactions SCOPE:uvm_test_top.uart_env_h.uart_master_agent_h.uart_sequencer_h STREAM:796}
  CREATE_STREAM @0 {NAME:uart_basic_seq T:Transactions SCOPE:uvm_test_top.uart_env_h.uart_master_agent_h.uart_sequencer_h STREAM:796}
  CREATE_STREAM @0 {NAME:uart_basic_seq T:Transactions SCOPE:uvm_test_top.uart_env_h.uart_master_agent_h.uart_sequencer_h STREAM:798}
  CREATE_STREAM @0 {NAME:uart_basic_seq T:Transactions SCOPE:uvm_test_top.uart_env_h.uart_master_agent_h.uart_sequencer_h STREAM:798}
  CREATE_STREAM @0 {NAME:uart_basic_seq T:Transactions SCOPE:uvm_test_top.uart_env_h.uart_master_agent_h.uart_sequencer_h STREAM:798}
  CREATE_STREAM @0 {NAME:uart_basic_seq T:Transactions SCOPE:uvm_test_top.uart_env_h.uart_master_agent_h.uart_sequencer_h STREAM:798}
  CREATE_STREAM @0 {NAME:uart_basic_seq T:Transactions SCOPE:uvm_test_top.uart_env_h.uart_master_agent_h.uart_sequencer_h STREAM:790}
  CREATE_STREAM @0 {NAME:uart_basic_seq T:Transactions SCOPE:uvm_test_top.uart_env_h.uart_master_agent_h.uart_sequencer_h STREAM:790}
  CREATE_STREAM @0 {NAME:uart_basic_seq T:Transactions SCOPE:uvm_test_top.uart_env_h.uart_master_agent_h.uart_sequencer_h STREAM:790}
  CREATE_STREAM @0 {NAME:uart_basic_seq T:Transactions SCOPE:uvm_test_top.uart_env_h.uart_master_agent_h.uart_sequencer_h STREAM:788}
  CREATE_STREAM @0 {NAME:uart_basic_seq T:Transactions SCOPE:uvm_test_top.uart_env_h.uart_master_agent_h.uart_sequencer_h STREAM:788}
  CREATE_STREAM @0 {NAME:uart_basic_seq T:Transactions SCOPE:uvm_test_top.uart_env_h.uart_master_agent_h.uart_sequencer_h STREAM:788}
  CREATE_STREAM @0 {NAME:uart_basic_seq T:Transactions SCOPE:uvm_test_top.uart_env_h.uart_master_agent_h.uart_sequencer_h STREAM:788}
  CREATE_STREAM @0 {NAME:uart_basic_seq T:Transactions SCOPE:uvm_test_top.uart_env_h.uart_master_agent_h.uart_sequencer_h STREAM:788}
  CREATE_STREAM @0 {NAME:uart_basic_seq T:Transactions SCOPE:uvm_test_top.uart_env_h.uart_master_agent_h.uart_sequencer_h STREAM:788}
  CREATE_STREAM @0 {NAME:uart_basic_seq T:Transactions SCOPE:uvm_test_top.uart_env_h.uart_master_agent_h.uart_sequencer_h STREAM:788}
  CREATE_STREAM @0 {NAME:uart_basic_seq T:Transactions SCOPE:uvm_test_top.uart_env_h.uart_master_agent_h.uart_sequencer_h STREAM:788}
  CREATE_STREAM @0 {NAME:uart_basic_seq T:Transactions SCOPE:uvm_test_top.uart_env_h.uart_master_agent_h.uart_sequencer_h STREAM:788}
  CREATE_STREAM @0 {NAME:uart_basic_seq T:Transactions SCOPE:uvm_test_top.uart_env_h.uart_master_agent_h.uart_sequencer_h STREAM:788}
  CREATE_STREAM @0 {NAME:uart_basic_seq T:Transactions SCOPE:uvm_test_top.uart_env_h.uart_master_agent_h.uart_sequencer_h STREAM:788}
  CREATE_STREAM @0 {NAME:uart_basic_seq T:Transactions SCOPE:uvm_test_top.uart_env_h.uart_master_agent_h.uart_sequencer_h STREAM:788}
  CREATE_STREAM @0 {NAME:uart_basic_seq T:Transactions SCOPE:uvm_test_top.uart_env_h.uart_master_agent_h.uart_sequencer_h STREAM:788}
  CREATE_STREAM @0 {NAME:uart_basic_seq T:Transactions SCOPE:uvm_test_top.uart_env_h.uart_master_agent_h.uart_sequencer_h STREAM:788}
  CREATE_STREAM @0 {NAME:uart_basic_seq T:Transactions SCOPE:uvm_test_top.uart_env_h.uart_master_agent_h.uart_sequencer_h STREAM:790}
  CREATE_STREAM @0 {NAME:uart_basic_seq T:Transactions SCOPE:uvm_test_top.uart_env_h.uart_master_agent_h.uart_sequencer_h STREAM:790}
  CREATE_STREAM @0 {NAME:uart_basic_seq T:Transactions SCOPE:uvm_test_top.uart_env_h.uart_master_agent_h.uart_sequencer_h STREAM:790}
  CREATE_STREAM @0 {NAME:uart_basic_seq T:Transactions SCOPE:uvm_test_top.uart_env_h.uart_master_agent_h.uart_sequencer_h STREAM:790}
  CREATE_STREAM @0 {NAME:uart_basic_seq T:Transactions SCOPE:uvm_test_top.uart_env_h.uart_master_agent_h.uart_sequencer_h STREAM:790}
  CREATE_STREAM @0 {NAME:uart_basic_seq T:Transactions SCOPE:uvm_test_top.uart_env_h.uart_master_agent_h.uart_sequencer_h STREAM:790}
  CREATE_STREAM @0 {NAME:uart_basic_seq T:Transactions SCOPE:uvm_test_top.uart_env_h.uart_master_agent_h.uart_sequencer_h STREAM:790}
  CREATE_STREAM @0 {NAME:vseq T:Transactions SCOPE:uvm_test_top.envh.v_seqrh STREAM:1136}
  CREATE_STREAM @0 {NAME:vseq T:Transactions SCOPE:uvm_test_top.envh.v_seqrh STREAM:1136}
  CREATE_STREAM @0 {NAME:vseq T:Transactions SCOPE:uvm_test_top.envh.v_seqrh STREAM:1136}
  CREATE_STREAM @0 {NAME:vseq T:Transactions SCOPE:uvm_test_top.envh.v_seqrh STREAM:1136}
  CREATE_STREAM @0 {NAME:vseq T:Transactions SCOPE:uvm_test_top.envh.v_seqrh STREAM:1136}
  CREATE_STREAM @0 {NAME:uart_seq T:Transactions SCOPE:uvm_test_top.envh.wtop.wagent[0].m_sequencer STREAM:1150}
  CREATE_STREAM @0 {NAME:vseq T:Transactions SCOPE:uvm_test_top.envh.v_seqrh STREAM:1136}
  CREATE_STREAM @0 {NAME:uart_seq T:Transactions SCOPE:uvm_test_top.envh.wtop.wagent[0].m_sequencer STREAM:1150}
  CREATE_STREAM @0 {NAME:vseq T:Transactions SCOPE:uvm_test_top.envh.v_seqrh STREAM:1144}
  CREATE_STREAM @0 {NAME:uart_seq T:Transactions SCOPE:uvm_test_top.envh.wtop.wagent[0].m_sequencer STREAM:1158}
  CREATE_STREAM @0 {NAME:vseq T:Transactions SCOPE:uvm_test_top.envh.v_seqrh STREAM:1144}
  CREATE_STREAM @0 {NAME:uart_seq T:Transactions SCOPE:uvm_test_top.envh.wtop.wagent[0].m_sequencer STREAM:1158}
  CREATE_STREAM @0 {NAME:vseq T:Transactions SCOPE:uvm_test_top.envh.v_seqrh STREAM:1144}
  CREATE_STREAM @0 {NAME:uart_seq T:Transactions SCOPE:uvm_test_top.envh.wtop.wagent[0].m_sequencer STREAM:1158}
  CREATE_STREAM @0 {NAME:vseq T:Transactions SCOPE:uvm_test_top.envh.v_seqrh STREAM:1144}
  CREATE_STREAM @0 {NAME:uart_seq T:Transactions SCOPE:uvm_test_top.envh.wtop.wagent[0].m_sequencer STREAM:1158}
  CREATE_STREAM @0 {NAME:vseq T:Transactions SCOPE:uvm_test_top.envh.v_seqrh STREAM:1144}
  CREATE_STREAM @0 {NAME:uart_seq T:Transactions SCOPE:uvm_test_top.envh.wtop.wagent[0].m_sequencer STREAM:1158}
  CREATE_STREAM @0 {NAME:vseq T:Transactions SCOPE:uvm_test_top.envh.v_seqrh STREAM:1144}
  CREATE_STREAM @0 {NAME:uart_seq T:Transactions SCOPE:uvm_test_top.envh.wtop.wagent[0].m_sequencer STREAM:1158}
  CREATE_STREAM @0 {NAME:vseq T:Transactions SCOPE:uvm_test_top.envh.v_seqrh STREAM:1144}
  CREATE_STREAM @0 {NAME:uart_seq T:Transactions SCOPE:uvm_test_top.envh.wtop.wagent[0].m_sequencer STREAM:1158}
  CREATE_STREAM @0 {NAME:vseq T:Transactions SCOPE:uvm_test_top.envh.v_seqrh STREAM:1144}
  CREATE_STREAM @0 {NAME:uart_seq T:Transactions SCOPE:uvm_test_top.envh.wtop.wagent[0].m_sequencer STREAM:1158}
  CREATE_STREAM @0 {NAME:vseq T:Transactions SCOPE:uvm_test_top.envh.v_seqrh STREAM:1144}
  CREATE_STREAM @0 {NAME:uart_seq T:Transactions SCOPE:uvm_test_top.envh.wtop.wagent[0].m_sequencer STREAM:1158}
  CREATE_STREAM @0 {NAME:vseq T:Transactions SCOPE:uvm_test_top.envh.v_seqrh STREAM:1144}
  CREATE_STREAM @0 {NAME:uart_seq T:Transactions SCOPE:uvm_test_top.envh.wtop.wagent[0].m_sequencer STREAM:1158}
  CREATE_STREAM @0 {NAME:vseq T:Transactions SCOPE:uvm_test_top.envh.v_seqrh STREAM:1144}
  CREATE_STREAM @0 {NAME:uart_seq T:Transactions SCOPE:uvm_test_top.envh.wtop.wagent[0].m_sequencer STREAM:1158}
  CREATE_STREAM @0 {NAME:vseq T:Transactions SCOPE:uvm_test_top.envh.v_seqrh STREAM:1144}
  CREATE_STREAM @0 {NAME:uart_seq T:Transactions SCOPE:uvm_test_top.envh.wtop.wagent[0].m_sequencer STREAM:1158}
  CREATE_STREAM @0 {NAME:vseq T:Transactions SCOPE:uvm_test_top.envh.v_seqrh STREAM:1144}
  CREATE_STREAM @0 {NAME:uart_seq T:Transactions SCOPE:uvm_test_top.envh.wtop.wagent[0].m_sequencer STREAM:1158}
  CREATE_STREAM @0 {NAME:vseq T:Transactions SCOPE:uvm_test_top.envh.v_seqrh STREAM:1144}
  CREATE_STREAM @0 {NAME:uart_seq T:Transactions SCOPE:uvm_test_top.envh.wtop.wagent[0].m_sequencer STREAM:1158}
  CREATE_STREAM @0 {NAME:vseq T:Transactions SCOPE:uvm_test_top.envh.v_seqrh STREAM:1144}
  CREATE_STREAM @0 {NAME:uart_seq T:Transactions SCOPE:uvm_test_top.envh.wtop.wagent[0].m_sequencer STREAM:1158}
  CREATE_STREAM @0 {NAME:vseq T:Transactions SCOPE:uvm_test_top.envh.v_seqrh STREAM:1144}
  CREATE_STREAM @0 {NAME:uart_seq T:Transactions SCOPE:uvm_test_top.envh.wtop.wagent[0].m_sequencer STREAM:1158}
  CREATE_STREAM @0 {NAME:vseq T:Transactions SCOPE:uvm_test_top.envh.v_seqrh STREAM:1144}
  CREATE_STREAM @0 {NAME:uart_seq T:Transactions SCOPE:uvm_test_top.envh.wtop.wagent[0].m_sequencer STREAM:1158}
  CREATE_STREAM @0 {NAME:vseq T:Transactions SCOPE:uvm_test_top.envh.v_seqrh STREAM:1144}
  CREATE_STREAM @0 {NAME:uart_seq T:Transactions SCOPE:uvm_test_top.envh.wtop.wagent[0].m_sequencer STREAM:1158}
  CREATE_STREAM @0 {NAME:vseq T:Transactions SCOPE:uvm_test_top.envh.v_seqrh STREAM:1144}
  CREATE_STREAM @0 {NAME:uart_seq T:Transactions SCOPE:uvm_test_top.envh.wtop.wagent[0].m_sequencer STREAM:1158}
  CREATE_STREAM @0 {NAME:vseq T:Transactions SCOPE:uvm_test_top.envh.v_seqrh STREAM:1144}
  CREATE_STREAM @0 {NAME:uart_seq T:Transactions SCOPE:uvm_test_top.envh.wtop.wagent[0].m_sequencer STREAM:1158}
  CREATE_STREAM @0 {NAME:vseq T:Transactions SCOPE:uvm_test_top.envh.v_seqrh STREAM:1144}
  CREATE_STREAM @0 {NAME:uart_seq T:Transactions SCOPE:uvm_test_top.envh.wtop.wagent[0].m_sequencer STREAM:1158}
  CREATE_STREAM @0 {NAME:vseq T:Transactions SCOPE:uvm_test_top.envh.v_seqrh STREAM:1144}
  CREATE_STREAM @0 {NAME:uart_seq T:Transactions SCOPE:uvm_test_top.envh.wtop.wagent[0].m_sequencer STREAM:1158}
  CREATE_STREAM @0 {NAME:vseq T:Transactions SCOPE:uvm_test_top.envh.v_seqrh STREAM:1144}
  CREATE_STREAM @0 {NAME:uart_seq T:Transactions SCOPE:uvm_test_top.envh.wtop.wagent[0].m_sequencer STREAM:1158}
  CREATE_STREAM @0 {NAME:vseq T:Transactions SCOPE:uvm_test_top.envh.v_seqrh STREAM:1144}
  CREATE_STREAM @0 {NAME:uart_seq T:Transactions SCOPE:uvm_test_top.envh.wtop.wagent[0].m_sequencer STREAM:1158}
  CREATE_STREAM @0 {NAME:vseq T:Transactions SCOPE:uvm_test_top.envh.v_seqrh STREAM:1144}
  CREATE_STREAM @0 {NAME:uart_seq T:Transactions SCOPE:uvm_test_top.envh.wtop.wagent[0].m_sequencer STREAM:1158}
  CREATE_STREAM @0 {NAME:vseq T:Transactions SCOPE:uvm_test_top.envh.v_seqrh STREAM:1144}
  CREATE_STREAM @0 {NAME:uart_seq T:Transactions SCOPE:uvm_test_top.envh.wtop.wagent[0].m_sequencer STREAM:1158}
  CREATE_STREAM @0 {NAME:vseq T:Transactions SCOPE:uvm_test_top.envh.v_seqrh STREAM:1144}
  CREATE_STREAM @0 {NAME:uart_seq T:Transactions SCOPE:uvm_test_top.envh.wtop.wagent[0].m_sequencer STREAM:1158}
  CREATE_STREAM @0 {NAME:vseq T:Transactions SCOPE:uvm_test_top.envh.v_seqrh STREAM:1144}
  CREATE_STREAM @0 {NAME:uart_seq T:Transactions SCOPE:uvm_test_top.envh.wtop.wagent[0].m_sequencer STREAM:1158}
  CREATE_STREAM @0 {NAME:vseq T:Transactions SCOPE:uvm_test_top.envh.v_seqrh STREAM:1144}
  CREATE_STREAM @0 {NAME:uart_seq T:Transactions SCOPE:uvm_test_top.envh.wtop.wagent[0].m_sequencer STREAM:1158}
  CREATE_STREAM @0 {NAME:vseq T:Transactions SCOPE:uvm_test_top.envh.v_seqrh STREAM:1144}
  CREATE_STREAM @0 {NAME:uart_seq T:Transactions SCOPE:uvm_test_top.envh.wtop.wagent[0].m_sequencer STREAM:1158}
  CREATE_STREAM @0 {NAME:vseq T:Transactions SCOPE:uvm_test_top.envh.v_seqrh STREAM:1144}
  CREATE_STREAM @0 {NAME:uart_seq T:Transactions SCOPE:uvm_test_top.envh.wtop.wagent[0].m_sequencer STREAM:1158}
  CREATE_STREAM @0 {NAME:vseq T:Transactions SCOPE:uvm_test_top.envh.v_seqrh STREAM:1144}
  CREATE_STREAM @0 {NAME:uart_seq T:Transactions SCOPE:uvm_test_top.envh.wtop.wagent[0].m_sequencer STREAM:1158}
  CREATE_STREAM @0 {NAME:vseq T:Transactions SCOPE:uvm_test_top.envh.v_seqrh STREAM:1138}
  CREATE_STREAM @0 {NAME:uart_seq T:Transactions SCOPE:uvm_test_top.envh.wtop.wagent[0].m_sequencer STREAM:1152}
  CREATE_STREAM @0 {NAME:vseq T:Transactions SCOPE:uvm_test_top.envh.v_seqrh STREAM:1138}
  CREATE_STREAM @0 {NAME:uart_seq T:Transactions SCOPE:uvm_test_top.envh.wtop.wagent[0].m_sequencer STREAM:1152}
  CREATE_STREAM @0 {NAME:vseq T:Transactions SCOPE:uvm_test_top.envh.v_seqrh STREAM:1138}
  CREATE_STREAM @0 {NAME:uart_seq T:Transactions SCOPE:uvm_test_top.envh.wtop.wagent[0].m_sequencer STREAM:1152}
  CREATE_STREAM @0 {NAME:vseq T:Transactions SCOPE:uvm_test_top.envh.v_seqrh STREAM:1138}
  CREATE_STREAM @0 {NAME:uart_seq T:Transactions SCOPE:uvm_test_top.envh.wtop.wagent[0].m_sequencer STREAM:1152}
  CREATE_STREAM @0 {NAME:vseq T:Transactions SCOPE:uvm_test_top.envh.v_seqrh STREAM:1138}
  CREATE_STREAM @0 {NAME:uart_seq T:Transactions SCOPE:uvm_test_top.envh.wtop.wagent[0].m_sequencer STREAM:1152}
  CREATE_STREAM @0 {NAME:vseq T:Transactions SCOPE:uvm_test_top.envh.v_seqrh STREAM:1138}
  CREATE_STREAM @0 {NAME:uart_seq T:Transactions SCOPE:uvm_test_top.envh.wtop.wagent[0].m_sequencer STREAM:1152}
  CREATE_STREAM @0 {NAME:vseq T:Transactions SCOPE:uvm_test_top.envh.v_seqrh STREAM:1138}
  CREATE_STREAM @0 {NAME:uart_seq T:Transactions SCOPE:uvm_test_top.envh.wtop.wagent[0].m_sequencer STREAM:1152}
  CREATE_STREAM @0 {NAME:vseq T:Transactions SCOPE:uvm_test_top.envh.v_seqrh STREAM:1138}
  CREATE_STREAM @0 {NAME:uart_seq T:Transactions SCOPE:uvm_test_top.envh.wtop.wagent[0].m_sequencer STREAM:1152}
  CREATE_STREAM @0 {NAME:vseq T:Transactions SCOPE:uvm_test_top.envh.v_seqrh STREAM:1138}
  CREATE_STREAM @0 {NAME:uart_seq T:Transactions SCOPE:uvm_test_top.envh.wtop.wagent[0].m_sequencer STREAM:1152}
  CREATE_STREAM @0 {NAME:vseq T:Transactions SCOPE:uvm_test_top.envh.v_seqrh STREAM:1138}
  CREATE_STREAM @0 {NAME:uart_seq T:Transactions SCOPE:uvm_test_top.envh.wtop.wagent[0].m_sequencer STREAM:1152}
  CREATE_STREAM @0 {NAME:vseq T:Transactions SCOPE:uvm_test_top.envh.v_seqrh STREAM:1138}
  CREATE_STREAM @0 {NAME:uart_seq T:Transactions SCOPE:uvm_test_top.envh.wtop.wagent[0].m_sequencer STREAM:1152}
  CREATE_STREAM @0 {NAME:vseq T:Transactions SCOPE:uvm_test_top.envh.v_seqrh STREAM:1138}
  CREATE_STREAM @0 {NAME:uart_seq T:Transactions SCOPE:uvm_test_top.envh.wtop.wagent[0].m_sequencer STREAM:1152}
  CREATE_STREAM @0 {NAME:vseq T:Transactions SCOPE:uvm_test_top.envh.v_seqrh STREAM:1138}
  CREATE_STREAM @0 {NAME:uart_seq T:Transactions SCOPE:uvm_test_top.envh.wtop.wagent[0].m_sequencer STREAM:1152}
  CREATE_STREAM @0 {NAME:vseq T:Transactions SCOPE:uvm_test_top.envh.v_seqrh STREAM:1144}
  CREATE_STREAM @0 {NAME:uart_seq T:Transactions SCOPE:uvm_test_top.envh.wtop.wagent[0].m_sequencer STREAM:1158}
  CREATE_STREAM @0 {NAME:vseq T:Transactions SCOPE:uvm_test_top.envh.v_seqrh STREAM:1144}
  CREATE_STREAM @0 {NAME:uart_seq T:Transactions SCOPE:uvm_test_top.envh.wtop.wagent[0].m_sequencer STREAM:1158}
  CREATE_STREAM @0 {NAME:vseq T:Transactions SCOPE:uvm_test_top.envh.v_seqrh STREAM:1144}
  CREATE_STREAM @0 {NAME:uart_seq T:Transactions SCOPE:uvm_test_top.envh.wtop.wagent[0].m_sequencer STREAM:1158}
  CREATE_STREAM @0 {NAME:vseq T:Transactions SCOPE:uvm_test_top.envh.v_seqrh STREAM:1144}
  CREATE_STREAM @0 {NAME:uart_seq T:Transactions SCOPE:uvm_test_top.envh.wtop.wagent[0].m_sequencer STREAM:1158}
  CREATE_STREAM @0 {NAME:vseq T:Transactions SCOPE:uvm_test_top.envh.v_seqrh STREAM:1144}
  CREATE_STREAM @0 {NAME:uart_seq T:Transactions SCOPE:uvm_test_top.envh.wtop.wagent[0].m_sequencer STREAM:1158}
  CREATE_STREAM @0 {NAME:vseq T:Transactions SCOPE:uvm_test_top.envh.v_seqrh STREAM:1144}
  CREATE_STREAM @0 {NAME:uart_seq T:Transactions SCOPE:uvm_test_top.envh.wtop.wagent[0].m_sequencer STREAM:1158}
  CREATE_STREAM @0 {NAME:vseq T:Transactions SCOPE:uvm_test_top.envh.v_seqrh STREAM:1144}
  CREATE_STREAM @0 {NAME:uart_seq T:Transactions SCOPE:uvm_test_top.envh.wtop.wagent[0].m_sequencer STREAM:1158}
  CREATE_STREAM @0 {NAME:vseq T:Transactions SCOPE:uvm_test_top.envh.v_seqrh STREAM:1144}
  CREATE_STREAM @0 {NAME:uart_seq T:Transactions SCOPE:uvm_test_top.envh.wtop.wagent[0].m_sequencer STREAM:1158}
  CREATE_STREAM @0 {NAME:vseq T:Transactions SCOPE:uvm_test_top.envh.v_seqrh STREAM:1144}
  CREATE_STREAM @0 {NAME:uart_seq T:Transactions SCOPE:uvm_test_top.envh.wtop.wagent[0].m_sequencer STREAM:1158}
  CREATE_STREAM @0 {NAME:vseq T:Transactions SCOPE:uvm_test_top.envh.v_seqrh STREAM:1144}
  CREATE_STREAM @0 {NAME:uart_seq T:Transactions SCOPE:uvm_test_top.envh.wtop.wagent[0].m_sequencer STREAM:1158}
  CREATE_STREAM @0 {NAME:vseq T:Transactions SCOPE:uvm_test_top.envh.v_seqrh STREAM:1144}
  CREATE_STREAM @0 {NAME:uart_seq T:Transactions SCOPE:uvm_test_top.envh.wtop.wagent[0].m_sequencer STREAM:1158}
  CREATE_STREAM @0 {NAME:vseq T:Transactions SCOPE:uvm_test_top.envh.v_seqrh STREAM:1144}
  CREATE_STREAM @0 {NAME:uart_seq T:Transactions SCOPE:uvm_test_top.envh.wtop.wagent[0].m_sequencer STREAM:1158}
  CREATE_STREAM @0 {NAME:vseq T:Transactions SCOPE:uvm_test_top.envh.v_seqrh STREAM:1144}
  CREATE_STREAM @0 {NAME:uart_seq T:Transactions SCOPE:uvm_test_top.envh.wtop.wagent[0].m_sequencer STREAM:1158}
  CREATE_STREAM @0 {NAME:vseq T:Transactions SCOPE:uvm_test_top.envh.v_seqrh STREAM:1144}
  CREATE_STREAM @0 {NAME:uart_seq T:Transactions SCOPE:uvm_test_top.envh.wtop.wagent[0].m_sequencer STREAM:1158}
  CREATE_STREAM @0 {NAME:vseq T:Transactions SCOPE:uvm_test_top.envh.v_seqrh STREAM:1144}
  CREATE_STREAM @0 {NAME:uart_seq T:Transactions SCOPE:uvm_test_top.envh.wtop.wagent[0].m_sequencer STREAM:1158}
  CREATE_STREAM @0 {NAME:vseq T:Transactions SCOPE:uvm_test_top.envh.v_seqrh STREAM:1144}
  CREATE_STREAM @0 {NAME:uart_seq T:Transactions SCOPE:uvm_test_top.envh.wtop.wagent[0].m_sequencer STREAM:1158}
  CREATE_STREAM @0 {NAME:vseq T:Transactions SCOPE:uvm_test_top.envh.v_seqrh STREAM:1144}
  CREATE_STREAM @0 {NAME:uart_seq T:Transactions SCOPE:uvm_test_top.envh.wtop.wagent[0].m_sequencer STREAM:1158}
  CREATE_STREAM @0 {NAME:vseq T:Transactions SCOPE:uvm_test_top.envh.v_seqrh STREAM:1144}
  CREATE_STREAM @0 {NAME:uart_seq T:Transactions SCOPE:uvm_test_top.envh.wtop.wagent[0].m_sequencer STREAM:1158}
  CREATE_STREAM @0 {NAME:vseq T:Transactions SCOPE:uvm_test_top.envh.v_seqrh STREAM:1144}
  CREATE_STREAM @0 {NAME:uart_seq T:Transactions SCOPE:uvm_test_top.envh.wtop.wagent[0].m_sequencer STREAM:1158}
  CREATE_STREAM @0 {NAME:vseq T:Transactions SCOPE:uvm_test_top.envh.v_seqrh STREAM:1144}
  CREATE_STREAM @0 {NAME:uart_seq T:Transactions SCOPE:uvm_test_top.envh.wtop.wagent[0].m_sequencer STREAM:1158}
  CREATE_STREAM @0 {NAME:vseq T:Transactions SCOPE:uvm_test_top.envh.v_seqrh STREAM:1144}
  CREATE_STREAM @0 {NAME:uart_seq T:Transactions SCOPE:uvm_test_top.envh.wtop.wagent[0].m_sequencer STREAM:1158}
  CREATE_STREAM @0 {NAME:vseq T:Transactions SCOPE:uvm_test_top.envh.v_seqrh STREAM:1144}
  CREATE_STREAM @0 {NAME:uart_seq T:Transactions SCOPE:uvm_test_top.envh.wtop.wagent[0].m_sequencer STREAM:1158}
  CREATE_STREAM @0 {NAME:vseq T:Transactions SCOPE:uvm_test_top.envh.v_seqrh STREAM:1144}
  CREATE_STREAM @0 {NAME:uart_seq T:Transactions SCOPE:uvm_test_top.envh.wtop.wagent[0].m_sequencer STREAM:1158}
  CREATE_STREAM @0 {NAME:vseq T:Transactions SCOPE:uvm_test_top.envh.v_seqrh STREAM:1144}
  CREATE_STREAM @0 {NAME:uart_seq T:Transactions SCOPE:uvm_test_top.envh.wtop.wagent[0].m_sequencer STREAM:1158}
  CREATE_STREAM @0 {NAME:vseq T:Transactions SCOPE:uvm_test_top.envh.v_seqrh STREAM:1144}
  CREATE_STREAM @0 {NAME:uart_seq T:Transactions SCOPE:uvm_test_top.envh.wtop.wagent[0].m_sequencer STREAM:1158}
  CREATE_STREAM @0 {NAME:vseq T:Transactions SCOPE:uvm_test_top.envh.v_seqrh STREAM:1144}
  CREATE_STREAM @0 {NAME:uart_seq T:Transactions SCOPE:uvm_test_top.envh.wtop.wagent[0].m_sequencer STREAM:1158}
  CREATE_STREAM @0 {NAME:vseq T:Transactions SCOPE:uvm_test_top.envh.v_seqrh STREAM:1144}
  CREATE_STREAM @0 {NAME:uart_seq T:Transactions SCOPE:uvm_test_top.envh.wtop.wagent[0].m_sequencer STREAM:1158}
  CREATE_STREAM @0 {NAME:vseq T:Transactions SCOPE:uvm_test_top.envh.v_seqrh STREAM:1144}
  CREATE_STREAM @0 {NAME:uart_seq T:Transactions SCOPE:uvm_test_top.envh.wtop.wagent[0].m_sequencer STREAM:1158}
  CREATE_STREAM @0 {NAME:vseq T:Transactions SCOPE:uvm_test_top.envh.v_seqrh STREAM:1144}
  CREATE_STREAM @0 {NAME:uart_seq T:Transactions SCOPE:uvm_test_top.envh.wtop.wagent[0].m_sequencer STREAM:1158}
  CREATE_STREAM @0 {NAME:vseq T:Transactions SCOPE:uvm_test_top.envh.v_seqrh STREAM:1144}
  CREATE_STREAM @0 {NAME:uart_seq T:Transactions SCOPE:uvm_test_top.envh.wtop.wagent[0].m_sequencer STREAM:1158}
  CREATE_STREAM @0 {NAME:vseq T:Transactions SCOPE:uvm_test_top.envh.v_seqrh STREAM:1144}
  CREATE_STREAM @0 {NAME:uart_seq T:Transactions SCOPE:uvm_test_top.envh.wtop.wagent[0].m_sequencer STREAM:1158}
  CREATE_STREAM @0 {NAME:vseq T:Transactions SCOPE:uvm_test_top.envh.v_seqrh STREAM:1144}
  CREATE_STREAM @0 {NAME:uart_seq T:Transactions SCOPE:uvm_test_top.envh.wtop.wagent[0].m_sequencer STREAM:1158}
  CREATE_STREAM @0 {NAME:vseq T:Transactions SCOPE:uvm_test_top.envh.v_seqrh STREAM:1144}
  CREATE_STREAM @0 {NAME:uart_seq T:Transactions SCOPE:uvm_test_top.envh.wtop.wagent[0].m_sequencer STREAM:1158}
  CREATE_STREAM @0 {NAME:vseq T:Transactions SCOPE:uvm_test_top.envh.v_seqrh STREAM:1144}
  CREATE_STREAM @0 {NAME:uart_seq T:Transactions SCOPE:uvm_test_top.envh.wtop.wagent[0].m_sequencer STREAM:1158}
  CREATE_STREAM @0 {NAME:vseq T:Transactions SCOPE:uvm_test_top.envh.v_seqrh STREAM:1144}
  CREATE_STREAM @0 {NAME:uart_seq T:Transactions SCOPE:uvm_test_top.envh.wtop.wagent[0].m_sequencer STREAM:1158}
  CREATE_STREAM @0 {NAME:vseq T:Transactions SCOPE:uvm_test_top.envh.v_seqrh STREAM:1144}
  CREATE_STREAM @0 {NAME:uart_seq T:Transactions SCOPE:uvm_test_top.envh.wtop.wagent[0].m_sequencer STREAM:1158}
  CREATE_STREAM @0 {NAME:vseq T:Transactions SCOPE:uvm_test_top.envh.v_seqrh STREAM:1144}
  CREATE_STREAM @0 {NAME:uart_seq T:Transactions SCOPE:uvm_test_top.envh.wtop.wagent[0].m_sequencer STREAM:1158}
  CREATE_STREAM @0 {NAME:vseq T:Transactions SCOPE:uvm_test_top.envh.v_seqrh STREAM:1144}
  CREATE_STREAM @0 {NAME:uart_seq T:Transactions SCOPE:uvm_test_top.envh.wtop.wagent[0].m_sequencer STREAM:1158}
  CREATE_STREAM @0 {NAME:vseq T:Transactions SCOPE:uvm_test_top.envh.v_seqrh STREAM:1144}
  CREATE_STREAM @0 {NAME:uart_seq T:Transactions SCOPE:uvm_test_top.envh.wtop.wagent[0].m_sequencer STREAM:1158}
  CREATE_STREAM @0 {NAME:vseq T:Transactions SCOPE:uvm_test_top.envh.v_seqrh STREAM:1144}
  CREATE_STREAM @0 {NAME:uart_seq T:Transactions SCOPE:uvm_test_top.envh.wtop.wagent[0].m_sequencer STREAM:1158}
  CREATE_STREAM @0 {NAME:vseq T:Transactions SCOPE:uvm_test_top.envh.v_seqrh STREAM:1144}
  CREATE_STREAM @0 {NAME:uart_seq T:Transactions SCOPE:uvm_test_top.envh.wtop.wagent[0].m_sequencer STREAM:1158}
  CREATE_STREAM @0 {NAME:vseq T:Transactions SCOPE:uvm_test_top.envh.v_seqrh STREAM:1144}
  CREATE_STREAM @0 {NAME:uart_seq T:Transactions SCOPE:uvm_test_top.envh.wtop.wagent[0].m_sequencer STREAM:1158}
  CREATE_STREAM @0 {NAME:vseq T:Transactions SCOPE:uvm_test_top.envh.v_seqrh STREAM:1144}
  CREATE_STREAM @0 {NAME:uart_seq T:Transactions SCOPE:uvm_test_top.envh.wtop.wagent[0].m_sequencer STREAM:1158}
  CREATE_STREAM @0 {NAME:vseq T:Transactions SCOPE:uvm_test_top.envh.v_seqrh STREAM:1144}
  CREATE_STREAM @0 {NAME:uart_seq T:Transactions SCOPE:uvm_test_top.envh.wtop.wagent[0].m_sequencer STREAM:1158}
  CREATE_STREAM @0 {NAME:vseq T:Transactions SCOPE:uvm_test_top.envh.v_seqrh STREAM:1144}
  CREATE_STREAM @0 {NAME:uart_seq T:Transactions SCOPE:uvm_test_top.envh.wtop.wagent[0].m_sequencer STREAM:1158}
  CREATE_STREAM @0 {NAME:vseq T:Transactions SCOPE:uvm_test_top.envh.v_seqrh STREAM:1144}
  CREATE_STREAM @0 {NAME:uart_seq T:Transactions SCOPE:uvm_test_top.envh.wtop.wagent[0].m_sequencer STREAM:1158}
  CREATE_STREAM @0 {NAME:vseq T:Transactions SCOPE:uvm_test_top.envh.v_seqrh STREAM:1144}
  CREATE_STREAM @0 {NAME:uart_seq T:Transactions SCOPE:uvm_test_top.envh.wtop.wagent[0].m_sequencer STREAM:1158}
  CREATE_STREAM @0 {NAME:vseq T:Transactions SCOPE:uvm_test_top.envh.v_seqrh STREAM:1144}
  CREATE_STREAM @0 {NAME:uart_seq T:Transactions SCOPE:uvm_test_top.envh.wtop.wagent[0].m_sequencer STREAM:1158}
  CREATE_STREAM @0 {NAME:vseq T:Transactions SCOPE:uvm_test_top.envh.v_seqrh STREAM:1144}
  CREATE_STREAM @0 {NAME:uart_seq T:Transactions SCOPE:uvm_test_top.envh.wtop.wagent[0].m_sequencer STREAM:1158}
  CREATE_STREAM @0 {NAME:vseq T:Transactions SCOPE:uvm_test_top.envh.v_seqrh STREAM:1144}
  CREATE_STREAM @0 {NAME:uart_seq T:Transactions SCOPE:uvm_test_top.envh.wtop.wagent[0].m_sequencer STREAM:1158}
  CREATE_STREAM @0 {NAME:vseq T:Transactions SCOPE:uvm_test_top.envh.v_seqrh STREAM:1144}
  CREATE_STREAM @0 {NAME:uart_seq T:Transactions SCOPE:uvm_test_top.envh.wtop.wagent[0].m_sequencer STREAM:1158}
  CREATE_STREAM @0 {NAME:vseq T:Transactions SCOPE:uvm_test_top.envh.v_seqrh STREAM:1144}
  CREATE_STREAM @0 {NAME:uart_seq T:Transactions SCOPE:uvm_test_top.envh.wtop.wagent[0].m_sequencer STREAM:1158}
  CREATE_STREAM @0 {NAME:vseq T:Transactions SCOPE:uvm_test_top.envh.v_seqrh STREAM:1144}
  CREATE_STREAM @0 {NAME:uart_seq T:Transactions SCOPE:uvm_test_top.envh.wtop.wagent[0].m_sequencer STREAM:1158}
  CREATE_STREAM @0 {NAME:vseq T:Transactions SCOPE:uvm_test_top.envh.v_seqrh STREAM:1144}
  CREATE_STREAM @0 {NAME:uart_seq T:Transactions SCOPE:uvm_test_top.envh.wtop.wagent[0].m_sequencer STREAM:1158}
  CREATE_STREAM @0 {NAME:vseq T:Transactions SCOPE:uvm_test_top.envh.v_seqrh STREAM:1144}
  CREATE_STREAM @0 {NAME:uart_seq T:Transactions SCOPE:uvm_test_top.envh.wtop.wagent[0].m_sequencer STREAM:1158}
  CREATE_STREAM @0 {NAME:vseq T:Transactions SCOPE:uvm_test_top.envh.v_seqrh STREAM:1144}
  CREATE_STREAM @0 {NAME:uart_seq T:Transactions SCOPE:uvm_test_top.envh.wtop.wagent[0].m_sequencer STREAM:1158}
  CREATE_STREAM @0 {NAME:vseq T:Transactions SCOPE:uvm_test_top.envh.v_seqrh STREAM:1144}
  CREATE_STREAM @0 {NAME:uart_seq T:Transactions SCOPE:uvm_test_top.envh.wtop.wagent[0].m_sequencer STREAM:1158}
  CREATE_STREAM @0 {NAME:vseq T:Transactions SCOPE:uvm_test_top.envh.v_seqrh STREAM:1144}
  CREATE_STREAM @0 {NAME:uart_seq T:Transactions SCOPE:uvm_test_top.envh.wtop.wagent[0].m_sequencer STREAM:1158}
  CREATE_STREAM @0 {NAME:vseq T:Transactions SCOPE:uvm_test_top.envh.v_seqrh STREAM:1144}
  CREATE_STREAM @0 {NAME:uart_seq T:Transactions SCOPE:uvm_test_top.envh.wtop.wagent[0].m_sequencer STREAM:1158}
  CREATE_STREAM @0 {NAME:vseq T:Transactions SCOPE:uvm_test_top.envh.v_seqrh STREAM:1144}
  CREATE_STREAM @0 {NAME:uart_seq T:Transactions SCOPE:uvm_test_top.envh.wtop.wagent[0].m_sequencer STREAM:1158}
  CREATE_STREAM @0 {NAME:vseq T:Transactions SCOPE:uvm_test_top.envh.v_seqrh STREAM:1144}
  CREATE_STREAM @0 {NAME:uart_seq T:Transactions SCOPE:uvm_test_top.envh.wtop.wagent[0].m_sequencer STREAM:1158}
  CREATE_STREAM @0 {NAME:vseq T:Transactions SCOPE:uvm_test_top.envh.v_seqrh STREAM:1144}
  CREATE_STREAM @0 {NAME:uart_seq T:Transactions SCOPE:uvm_test_top.envh.wtop.wagent[0].m_sequencer STREAM:1158}
  CREATE_STREAM @0 {NAME:vseq T:Transactions SCOPE:uvm_test_top.envh.v_seqrh STREAM:1144}
  CREATE_STREAM @0 {NAME:uart_seq T:Transactions SCOPE:uvm_test_top.envh.wtop.wagent[0].m_sequencer STREAM:1158}
  CREATE_STREAM @0 {NAME:vseq T:Transactions SCOPE:uvm_test_top.envh.v_seqrh STREAM:1144}
  CREATE_STREAM @0 {NAME:uart_seq T:Transactions SCOPE:uvm_test_top.envh.wtop.wagent[0].m_sequencer STREAM:1158}
  CREATE_STREAM @0 {NAME:vseq T:Transactions SCOPE:uvm_test_top.envh.v_seqrh STREAM:1144}
  CREATE_STREAM @0 {NAME:uart_seq T:Transactions SCOPE:uvm_test_top.envh.wtop.wagent[0].m_sequencer STREAM:1158}
  CREATE_STREAM @0 {NAME:vseq T:Transactions SCOPE:uvm_test_top.envh.v_seqrh STREAM:1144}
  CREATE_STREAM @0 {NAME:uart_seq T:Transactions SCOPE:uvm_test_top.envh.wtop.wagent[0].m_sequencer STREAM:1158}
  CREATE_STREAM @0 {NAME:vseq T:Transactions SCOPE:uvm_test_top.envh.v_seqrh STREAM:1144}
  CREATE_STREAM @0 {NAME:uart_seq T:Transactions SCOPE:uvm_test_top.envh.wtop.wagent[0].m_sequencer STREAM:1158}
  CREATE_STREAM @0 {NAME:vseq T:Transactions SCOPE:uvm_test_top.envh.v_seqrh STREAM:1144}
  CREATE_STREAM @0 {NAME:uart_seq T:Transactions SCOPE:uvm_test_top.envh.wtop.wagent[0].m_sequencer STREAM:1158}
  CREATE_STREAM @0 {NAME:vseq T:Transactions SCOPE:uvm_test_top.envh.v_seqrh STREAM:1144}
  CREATE_STREAM @0 {NAME:uart_seq T:Transactions SCOPE:uvm_test_top.envh.wtop.wagent[0].m_sequencer STREAM:1158}
  CREATE_STREAM @0 {NAME:vseq T:Transactions SCOPE:uvm_test_top.envh.v_seqrh STREAM:1144}
  CREATE_STREAM @0 {NAME:uart_seq T:Transactions SCOPE:uvm_test_top.envh.wtop.wagent[0].m_sequencer STREAM:1158}
  CREATE_STREAM @0 {NAME:vseq T:Transactions SCOPE:uvm_test_top.envh.v_seqrh STREAM:1144}
  CREATE_STREAM @0 {NAME:uart_seq T:Transactions SCOPE:uvm_test_top.envh.wtop.wagent[0].m_sequencer STREAM:1158}
  CREATE_STREAM @0 {NAME:vseq T:Transactions SCOPE:uvm_test_top.envh.v_seqrh STREAM:1144}
  CREATE_STREAM @0 {NAME:uart_seq T:Transactions SCOPE:uvm_test_top.envh.wtop.wagent[0].m_sequencer STREAM:1158}
  CREATE_STREAM @0 {NAME:vseq T:Transactions SCOPE:uvm_test_top.envh.v_seqrh STREAM:1144}
  CREATE_STREAM @0 {NAME:uart_seq T:Transactions SCOPE:uvm_test_top.envh.wtop.wagent[0].m_sequencer STREAM:1158}
  CREATE_STREAM @0 {NAME:vseq T:Transactions SCOPE:uvm_test_top.envh.v_seqrh STREAM:1144}
  CREATE_STREAM @0 {NAME:uart_seq T:Transactions SCOPE:uvm_test_top.envh.wtop.wagent[0].m_sequencer STREAM:1158}
  CREATE_STREAM @0 {NAME:vseq T:Transactions SCOPE:uvm_test_top.envh.v_seqrh STREAM:1144}
  CREATE_STREAM @0 {NAME:uart_seq T:Transactions SCOPE:uvm_test_top.envh.wtop.wagent[0].m_sequencer STREAM:1158}
  CREATE_STREAM @0 {NAME:vseq T:Transactions SCOPE:uvm_test_top.envh.v_seqrh STREAM:1144}
  CREATE_STREAM @0 {NAME:uart_seq T:Transactions SCOPE:uvm_test_top.envh.wtop.wagent[0].m_sequencer STREAM:1158}
  CREATE_STREAM @0 {NAME:vseq T:Transactions SCOPE:uvm_test_top.envh.v_seqrh STREAM:1144}
  CREATE_STREAM @0 {NAME:uart_seq T:Transactions SCOPE:uvm_test_top.envh.wtop.wagent[0].m_sequencer STREAM:1158}
  CREATE_STREAM @0 {NAME:vseq T:Transactions SCOPE:uvm_test_top.envh.v_seqrh STREAM:1144}
  CREATE_STREAM @0 {NAME:uart_seq T:Transactions SCOPE:uvm_test_top.envh.wtop.wagent[0].m_sequencer STREAM:1158}
  CREATE_STREAM @0 {NAME:vseq T:Transactions SCOPE:uvm_test_top.envh.v_seqrh STREAM:1144}
  CREATE_STREAM @0 {NAME:uart_seq T:Transactions SCOPE:uvm_test_top.envh.wtop.wagent[0].m_sequencer STREAM:1158}
  CREATE_STREAM @0 {NAME:vseq T:Transactions SCOPE:uvm_test_top.envh.v_seqrh STREAM:1144}
  CREATE_STREAM @0 {NAME:uart_seq T:Transactions SCOPE:uvm_test_top.envh.wtop.wagent[0].m_sequencer STREAM:1158}
  CREATE_STREAM @0 {NAME:vseq T:Transactions SCOPE:uvm_test_top.envh.v_seqrh STREAM:1144}
  CREATE_STREAM @0 {NAME:uart_seq T:Transactions SCOPE:uvm_test_top.envh.wtop.wagent[0].m_sequencer STREAM:1158}
  CREATE_STREAM @0 {NAME:read_after_write_seq T:Transactions SCOPE:uvm_test_top.demo_tb0.apb0.master.sequencer STREAM:940}
  CREATE_STREAM @0 {NAME:read_after_write_seq T: SCOPE:uvm_test_top.demo_tb0.apb0.master.sequencer STREAM:942}
    OPEN_RECORDER @0 {TXH:944 STREAM:942 NAME:read_after_write_seq TIME:0 TYPE="Object ID: \demo_top::read_after_write_seq @1 (@923)
Sequencer ID: \apb_package::apb_master_sequencer @1 (@547)
Phase: run
"}
  CREATE_STREAM @0 {NAME:mem_response_seq T:Transactions SCOPE:uvm_test_top.demo_tb0.apb0.slave[0].sequencer STREAM:947}
  CREATE_STREAM @0 {NAME:mem_response_seq T: SCOPE:uvm_test_top.demo_tb0.apb0.slave[0].sequencer STREAM:949}
    OPEN_RECORDER @0 {TXH:951 STREAM:949 NAME:mem_response_seq TIME:0 TYPE="Object ID: \demo_top::mem_response_seq @1 (@931)
Sequencer ID: \apb_package::apb_slave_sequencer @1 (@717)
Phase: run
"}
    CLOSE_RECORDER @0 {TXH:951 TIME=0}
    FREE_RECORDER @0 {TXH:951}
    CLOSE_RECORDER @0 {TXH:944 TIME=0}
    FREE_RECORDER @0 {TXH:944}
  CREATE_STREAM @0 {NAME:read_after_write_seq T:Transactions SCOPE:uvm_test_top.demo_tb0.apb0.master.sequencer STREAM:940}
  CREATE_STREAM @0 {NAME:read_after_write_seq T: SCOPE:uvm_test_top.demo_tb0.apb0.master.sequencer STREAM:942}
    OPEN_RECORDER @0 {TXH:944 STREAM:942 NAME:read_after_write_seq TIME:0 TYPE="Object ID: \demo_top::read_after_write_seq @1 (@923)
Sequencer ID: \apb_package::apb_master_sequencer @1 (@547)
Phase: run
"}
  CREATE_STREAM @0 {NAME:mem_response_seq T:Transactions SCOPE:uvm_test_top.demo_tb0.apb0.slave[0].sequencer STREAM:947}
  CREATE_STREAM @0 {NAME:mem_response_seq T: SCOPE:uvm_test_top.demo_tb0.apb0.slave[0].sequencer STREAM:949}
    OPEN_RECORDER @0 {TXH:951 STREAM:949 NAME:mem_response_seq TIME:0 TYPE="Object ID: \demo_top::mem_response_seq @1 (@931)
Sequencer ID: \apb_package::apb_slave_sequencer @1 (@717)
Phase: run
"}
    CLOSE_RECORDER @0 {TXH:951 TIME=0}
    FREE_RECORDER @0 {TXH:951}
    CLOSE_RECORDER @0 {TXH:944 TIME=0}
    FREE_RECORDER @0 {TXH:944}
  CREATE_STREAM @0 {NAME:read_after_write_seq T:Transactions SCOPE:uvm_test_top.demo_tb0.apb0.master.sequencer STREAM:940}
  CREATE_STREAM @0 {NAME:read_after_write_seq T: SCOPE:uvm_test_top.demo_tb0.apb0.master.sequencer STREAM:942}
    OPEN_RECORDER @0 {TXH:944 STREAM:942 NAME:read_after_write_seq TIME:0 TYPE="Object ID: \demo_top::read_after_write_seq @1 (@923)
Sequencer ID: \apb_package::apb_master_sequencer @1 (@547)
Phase: run
"}
  CREATE_STREAM @0 {NAME:mem_response_seq T:Transactions SCOPE:uvm_test_top.demo_tb0.apb0.slave[0].sequencer STREAM:947}
  CREATE_STREAM @0 {NAME:mem_response_seq T: SCOPE:uvm_test_top.demo_tb0.apb0.slave[0].sequencer STREAM:949}
    OPEN_RECORDER @0 {TXH:951 STREAM:949 NAME:mem_response_seq TIME:0 TYPE="Object ID: \demo_top::mem_response_seq @1 (@931)
Sequencer ID: \apb_package::apb_slave_sequencer @1 (@717)
Phase: run
"}
    CLOSE_RECORDER @0 {TXH:951 TIME=0}
    FREE_RECORDER @0 {TXH:951}
    CLOSE_RECORDER @0 {TXH:944 TIME=0}
    FREE_RECORDER @0 {TXH:944}
  CREATE_STREAM @0 {NAME:read_after_write_seq T:Transactions SCOPE:uvm_test_top.demo_tb0.apb0.master.sequencer STREAM:940}
  CREATE_STREAM @0 {NAME:read_after_write_seq T: SCOPE:uvm_test_top.demo_tb0.apb0.master.sequencer STREAM:942}
    OPEN_RECORDER @0 {TXH:944 STREAM:942 NAME:read_after_write_seq TIME:0 TYPE="Object ID: \demo_top::read_after_write_seq @1 (@923)
Sequencer ID: \apb_package::apb_master_sequencer @1 (@547)
Phase: run
"}
  CREATE_STREAM @0 {NAME:mem_response_seq T:Transactions SCOPE:uvm_test_top.demo_tb0.apb0.slave[0].sequencer STREAM:947}
  CREATE_STREAM @0 {NAME:mem_response_seq T: SCOPE:uvm_test_top.demo_tb0.apb0.slave[0].sequencer STREAM:949}
    OPEN_RECORDER @0 {TXH:951 STREAM:949 NAME:mem_response_seq TIME:0 TYPE="Object ID: \demo_top::mem_response_seq @1 (@931)
Sequencer ID: \apb_package::apb_slave_sequencer @1 (@717)
Phase: run
"}
    OPEN_RECORDER @5 {TXH:1009 STREAM:942 NAME:req TIME:0 TYPE="Object ID: \apb_package::apb_transfer @3 (@958)
Sequencer ID: \apb_package::apb_master_sequencer @1 (@547)
"}
  LINK @5 {TXH1:944 TXH2:1009 RELATION=child}
  CREATE_STREAM @5 {NAME:APB MASTER DRIVER T: SCOPE:uvm_test_top.demo_tb0.apb0.master.driver STREAM:1012}
    OPEN_RECORDER @5 {TXH:1014 STREAM:1012 NAME:req TIME:0 TYPE="APB master driver transaction from get_and_driveObject ID: \apb_package::apb_transfer @3 (@958)
Sequencer ID: \apb_package::apb_master_driver @1 (@670)
"}
      SET_ATTR @5 {TXH:1014 NAME:label VALUE:UVM Debug   RADIX:UVM_STRING BITS=17}
  LINK @5 {TXH1:944 TXH2:1014 RELATION=child}
  CREATE_STREAM @15 {NAME:APB_COLLECTOR T: SCOPE:uvm_test_top.demo_tb0.apb0.bus_collector STREAM:1018}
    OPEN_RECORDER @15 {TXH:1020 STREAM:1018 NAME:trans_collected TIME:0 TYPE="APB collector transaction inside collect_transactions()Object ID: \apb_package::apb_transfer @2 (@485)
Sequencer ID: \apb_package::apb_collector @1 (@477)
"}
      SET_ATTR @15 {TXH:1020 NAME:label VALUE:UVM Debug   RADIX:UVM_STRING BITS=17}
    OPEN_RECORDER @25 {TXH:1027 STREAM:949 NAME:req TIME:0 TYPE="Object ID: \apb_package::apb_transfer @4 (@1023)
Sequencer ID: \apb_package::apb_slave_sequencer @1 (@717)
"}
  LINK @25 {TXH1:951 TXH2:1027 RELATION=child}
      SET_ATTR @35 {TXH:1014 NAME:addr VALUE:da16b2f0   RADIX:UVM_HEX BITS=32}
      SET_ATTR @35 {TXH:1014 NAME:direction VALUE:APB_WRITE   RADIX:UVM_STRING BITS=17}
      SET_ATTR @35 {TXH:1014 NAME:data VALUE:f5ffc159   RADIX:UVM_HEX BITS=32}
      SET_ATTR @35 {TXH:1014 NAME:master VALUE:   RADIX:UVM_STRING BITS=8}
      SET_ATTR @35 {TXH:1014 NAME:slave VALUE:   RADIX:UVM_STRING BITS=8}
    CLOSE_RECORDER @35 {TXH:1014 TIME=35}
    FREE_RECORDER @35 {TXH:1014}
      SET_ATTR @35 {TXH:1020 NAME:addr VALUE:da16b2f0   RADIX:UVM_HEX BITS=32}
      SET_ATTR @35 {TXH:1020 NAME:direction VALUE:APB_WRITE   RADIX:UVM_STRING BITS=17}
      SET_ATTR @35 {TXH:1020 NAME:data VALUE:f5ffc159   RADIX:UVM_HEX BITS=32}
      SET_ATTR @35 {TXH:1020 NAME:master VALUE:master   RADIX:UVM_STRING BITS=14}
      SET_ATTR @35 {TXH:1020 NAME:slave VALUE:slave0   RADIX:UVM_STRING BITS=14}
    CLOSE_RECORDER @35 {TXH:1020 TIME=35}
    FREE_RECORDER @35 {TXH:1020}
      SET_ATTR @35 {TXH:1009 NAME:addr VALUE:da16b2f0   RADIX:UVM_HEX BITS=32}
      SET_ATTR @35 {TXH:1009 NAME:direction VALUE:APB_WRITE   RADIX:UVM_STRING BITS=17}
      SET_ATTR @35 {TXH:1009 NAME:data VALUE:f5ffc159   RADIX:UVM_HEX BITS=32}
      SET_ATTR @35 {TXH:1009 NAME:master VALUE:   RADIX:UVM_STRING BITS=8}
      SET_ATTR @35 {TXH:1009 NAME:slave VALUE:   RADIX:UVM_STRING BITS=8}
    CLOSE_RECORDER @35 {TXH:1009 TIME=35}
    FREE_RECORDER @35 {TXH:1009}
      SET_ATTR @35 {TXH:1027 NAME:addr VALUE:da16b2f0   RADIX:UVM_HEX BITS=32}
      SET_ATTR @35 {TXH:1027 NAME:direction VALUE:APB_WRITE   RADIX:UVM_STRING BITS=17}
      SET_ATTR @35 {TXH:1027 NAME:data VALUE:f5ffc159   RADIX:UVM_HEX BITS=32}
      SET_ATTR @35 {TXH:1027 NAME:master VALUE:   RADIX:UVM_STRING BITS=8}
      SET_ATTR @35 {TXH:1027 NAME:slave VALUE:   RADIX:UVM_STRING BITS=8}
    CLOSE_RECORDER @35 {TXH:1027 TIME=35}
    FREE_RECORDER @35 {TXH:1027}
    OPEN_RECORDER @45 {TXH:1048 STREAM:942 NAME:req TIME:0 TYPE="Object ID: \apb_package::apb_transfer @6 (@1042)
Sequencer ID: \apb_package::apb_master_sequencer @1 (@547)
"}
  LINK @45 {TXH1:944 TXH2:1048 RELATION=child}
    OPEN_RECORDER @45 {TXH:1051 STREAM:1012 NAME:req TIME:0 TYPE="APB master driver transaction from get_and_driveObject ID: \apb_package::apb_transfer @6 (@1042)
Sequencer ID: \apb_package::apb_master_driver @1 (@670)
"}
      SET_ATTR @45 {TXH:1051 NAME:label VALUE:UVM Debug   RADIX:UVM_STRING BITS=17}
  LINK @45 {TXH1:944 TXH2:1051 RELATION=child}
    OPEN_RECORDER @55 {TXH:1054 STREAM:1018 NAME:trans_collected TIME:0 TYPE="APB collector transaction inside collect_transactions()Object ID: \apb_package::apb_transfer @2 (@485)
Sequencer ID: \apb_package::apb_collector @1 (@477)
"}
      SET_ATTR @55 {TXH:1054 NAME:label VALUE:UVM Debug   RADIX:UVM_STRING BITS=17}
      SET_ATTR @65 {TXH:1051 NAME:addr VALUE:da16b2f0   RADIX:UVM_HEX BITS=32}
      SET_ATTR @65 {TXH:1051 NAME:direction VALUE:APB_READ   RADIX:UVM_STRING BITS=16}
      SET_ATTR @65 {TXH:1051 NAME:data VALUE:0   RADIX:UVM_HEX BITS=32}
      SET_ATTR @65 {TXH:1051 NAME:master VALUE:   RADIX:UVM_STRING BITS=8}
      SET_ATTR @65 {TXH:1051 NAME:slave VALUE:   RADIX:UVM_STRING BITS=8}
    CLOSE_RECORDER @65 {TXH:1051 TIME=65}
    FREE_RECORDER @65 {TXH:1051}
      SET_ATTR @65 {TXH:1048 NAME:addr VALUE:da16b2f0   RADIX:UVM_HEX BITS=32}
      SET_ATTR @65 {TXH:1048 NAME:direction VALUE:APB_READ   RADIX:UVM_STRING BITS=16}
      SET_ATTR @65 {TXH:1048 NAME:data VALUE:0   RADIX:UVM_HEX BITS=32}
      SET_ATTR @65 {TXH:1048 NAME:master VALUE:   RADIX:UVM_STRING BITS=8}
      SET_ATTR @65 {TXH:1048 NAME:slave VALUE:   RADIX:UVM_STRING BITS=8}
    CLOSE_RECORDER @65 {TXH:1048 TIME=65}
    FREE_RECORDER @65 {TXH:1048}
    CLOSE_RECORDER @65 {TXH:944 TIME=65}
    FREE_RECORDER @65 {TXH:944}
    OPEN_RECORDER @65 {TXH:1067 STREAM:949 NAME:req TIME:0 TYPE="Object ID: \apb_package::apb_transfer @7 (@1060)
Sequencer ID: \apb_package::apb_slave_sequencer @1 (@717)
"}
  LINK @65 {TXH1:951 TXH2:1067 RELATION=child}
      SET_ATTR @75 {TXH:1054 NAME:addr VALUE:da16b2f0   RADIX:UVM_HEX BITS=32}
      SET_ATTR @75 {TXH:1054 NAME:direction VALUE:APB_READ   RADIX:UVM_STRING BITS=16}
      SET_ATTR @75 {TXH:1054 NAME:data VALUE:f5ffc159   RADIX:UVM_HEX BITS=32}
      SET_ATTR @75 {TXH:1054 NAME:master VALUE:master   RADIX:UVM_STRING BITS=14}
      SET_ATTR @75 {TXH:1054 NAME:slave VALUE:slave0   RADIX:UVM_STRING BITS=14}
    CLOSE_RECORDER @75 {TXH:1054 TIME=75}
    FREE_RECORDER @75 {TXH:1054}
      SET_ATTR @75 {TXH:1067 NAME:addr VALUE:da16b2f0   RADIX:UVM_HEX BITS=32}
      SET_ATTR @75 {TXH:1067 NAME:direction VALUE:APB_READ   RADIX:UVM_STRING BITS=16}
      SET_ATTR @75 {TXH:1067 NAME:data VALUE:f5ffc159   RADIX:UVM_HEX BITS=32}
      SET_ATTR @75 {TXH:1067 NAME:master VALUE:   RADIX:UVM_STRING BITS=8}
      SET_ATTR @75 {TXH:1067 NAME:slave VALUE:   RADIX:UVM_STRING BITS=8}
    CLOSE_RECORDER @75 {TXH:1067 TIME=75}
    FREE_RECORDER @75 {TXH:1067}
    CLOSE_RECORDER @200 {TXH:951 TIME=200}
    FREE_RECORDER @200 {TXH:951}
  CREATE_STREAM @0 {NAME:read_after_write_seq T:Transactions SCOPE:uvm_test_top.demo_tb0.apb0.master.sequencer STREAM:940}
  CREATE_STREAM @0 {NAME:read_after_write_seq T: SCOPE:uvm_test_top.demo_tb0.apb0.master.sequencer STREAM:942}
    OPEN_RECORDER @0 {TXH:944 STREAM:942 NAME:read_after_write_seq TIME:0 TYPE="Object ID: \demo_top::read_after_write_seq @1 (@923)
Sequencer ID: \apb_package::apb_master_sequencer @1 (@547)
Phase: run
"}
  CREATE_STREAM @0 {NAME:mem_response_seq T:Transactions SCOPE:uvm_test_top.demo_tb0.apb0.slave[0].sequencer STREAM:947}
  CREATE_STREAM @0 {NAME:mem_response_seq T: SCOPE:uvm_test_top.demo_tb0.apb0.slave[0].sequencer STREAM:949}
    OPEN_RECORDER @0 {TXH:951 STREAM:949 NAME:mem_response_seq TIME:0 TYPE="Object ID: \demo_top::mem_response_seq @1 (@931)
Sequencer ID: \apb_package::apb_slave_sequencer @1 (@717)
Phase: run
"}
    OPEN_RECORDER @5 {TXH:1009 STREAM:942 NAME:req TIME:0 TYPE="Object ID: \apb_package::apb_transfer @3 (@958)
Sequencer ID: \apb_package::apb_master_sequencer @1 (@547)
"}
  LINK @5 {TXH1:944 TXH2:1009 RELATION=child}
  CREATE_STREAM @5 {NAME:APB MASTER DRIVER T: SCOPE:uvm_test_top.demo_tb0.apb0.master.driver STREAM:1012}
    OPEN_RECORDER @5 {TXH:1014 STREAM:1012 NAME:req TIME:0 TYPE="APB master driver transaction from get_and_driveObject ID: \apb_package::apb_transfer @3 (@958)
Sequencer ID: \apb_package::apb_master_driver @1 (@670)
"}
      SET_ATTR @5 {TXH:1014 NAME:label VALUE:UVM Debug   RADIX:UVM_STRING BITS=17}
  LINK @5 {TXH1:944 TXH2:1014 RELATION=child}
  CREATE_STREAM @35 {NAME:APB_COLLECTOR T: SCOPE:uvm_test_top.demo_tb0.apb0.bus_collector STREAM:1018}
    OPEN_RECORDER @35 {TXH:1020 STREAM:1018 NAME:trans_collected TIME:0 TYPE="APB collector transaction inside collect_transactions()Object ID: \apb_package::apb_transfer @2 (@485)
Sequencer ID: \apb_package::apb_collector @1 (@477)
"}
      SET_ATTR @35 {TXH:1020 NAME:label VALUE:UVM Debug   RADIX:UVM_STRING BITS=17}
    OPEN_RECORDER @45 {TXH:1027 STREAM:949 NAME:req TIME:0 TYPE="Object ID: \apb_package::apb_transfer @4 (@1023)
Sequencer ID: \apb_package::apb_slave_sequencer @1 (@717)
"}
  LINK @45 {TXH1:951 TXH2:1027 RELATION=child}
      SET_ATTR @55 {TXH:1014 NAME:addr VALUE:d326c454   RADIX:UVM_HEX BITS=32}
      SET_ATTR @55 {TXH:1014 NAME:direction VALUE:APB_WRITE   RADIX:UVM_STRING BITS=17}
      SET_ATTR @55 {TXH:1014 NAME:data VALUE:e6172b5a   RADIX:UVM_HEX BITS=32}
      SET_ATTR @55 {TXH:1014 NAME:master VALUE:   RADIX:UVM_STRING BITS=8}
      SET_ATTR @55 {TXH:1014 NAME:slave VALUE:   RADIX:UVM_STRING BITS=8}
    CLOSE_RECORDER @55 {TXH:1014 TIME=55}
    FREE_RECORDER @55 {TXH:1014}
      SET_ATTR @55 {TXH:1020 NAME:addr VALUE:d326c454   RADIX:UVM_HEX BITS=32}
      SET_ATTR @55 {TXH:1020 NAME:direction VALUE:APB_WRITE   RADIX:UVM_STRING BITS=17}
      SET_ATTR @55 {TXH:1020 NAME:data VALUE:e6172b5a   RADIX:UVM_HEX BITS=32}
      SET_ATTR @55 {TXH:1020 NAME:master VALUE:master   RADIX:UVM_STRING BITS=14}
      SET_ATTR @55 {TXH:1020 NAME:slave VALUE:slave0   RADIX:UVM_STRING BITS=14}
    CLOSE_RECORDER @55 {TXH:1020 TIME=55}
    FREE_RECORDER @55 {TXH:1020}
      SET_ATTR @55 {TXH:1009 NAME:addr VALUE:d326c454   RADIX:UVM_HEX BITS=32}
      SET_ATTR @55 {TXH:1009 NAME:direction VALUE:APB_WRITE   RADIX:UVM_STRING BITS=17}
      SET_ATTR @55 {TXH:1009 NAME:data VALUE:e6172b5a   RADIX:UVM_HEX BITS=32}
      SET_ATTR @55 {TXH:1009 NAME:master VALUE:   RADIX:UVM_STRING BITS=8}
      SET_ATTR @55 {TXH:1009 NAME:slave VALUE:   RADIX:UVM_STRING BITS=8}
    CLOSE_RECORDER @55 {TXH:1009 TIME=55}
    FREE_RECORDER @55 {TXH:1009}
      SET_ATTR @55 {TXH:1027 NAME:addr VALUE:d326c454   RADIX:UVM_HEX BITS=32}
      SET_ATTR @55 {TXH:1027 NAME:direction VALUE:APB_WRITE   RADIX:UVM_STRING BITS=17}
      SET_ATTR @55 {TXH:1027 NAME:data VALUE:e6172b5a   RADIX:UVM_HEX BITS=32}
      SET_ATTR @55 {TXH:1027 NAME:master VALUE:   RADIX:UVM_STRING BITS=8}
      SET_ATTR @55 {TXH:1027 NAME:slave VALUE:   RADIX:UVM_STRING BITS=8}
    CLOSE_RECORDER @55 {TXH:1027 TIME=55}
    FREE_RECORDER @55 {TXH:1027}
    OPEN_RECORDER @65 {TXH:1048 STREAM:942 NAME:req TIME:0 TYPE="Object ID: \apb_package::apb_transfer @6 (@1042)
Sequencer ID: \apb_package::apb_master_sequencer @1 (@547)
"}
  LINK @65 {TXH1:944 TXH2:1048 RELATION=child}
    OPEN_RECORDER @65 {TXH:1051 STREAM:1012 NAME:req TIME:0 TYPE="APB master driver transaction from get_and_driveObject ID: \apb_package::apb_transfer @6 (@1042)
Sequencer ID: \apb_package::apb_master_driver @1 (@670)
"}
      SET_ATTR @65 {TXH:1051 NAME:label VALUE:UVM Debug   RADIX:UVM_STRING BITS=17}
  LINK @65 {TXH1:944 TXH2:1051 RELATION=child}
    OPEN_RECORDER @95 {TXH:1054 STREAM:1018 NAME:trans_collected TIME:0 TYPE="APB collector transaction inside collect_transactions()Object ID: \apb_package::apb_transfer @2 (@485)
Sequencer ID: \apb_package::apb_collector @1 (@477)
"}
      SET_ATTR @95 {TXH:1054 NAME:label VALUE:UVM Debug   RADIX:UVM_STRING BITS=17}
      SET_ATTR @105 {TXH:1051 NAME:addr VALUE:d326c454   RADIX:UVM_HEX BITS=32}
      SET_ATTR @105 {TXH:1051 NAME:direction VALUE:APB_READ   RADIX:UVM_STRING BITS=16}
      SET_ATTR @105 {TXH:1051 NAME:data VALUE:0   RADIX:UVM_HEX BITS=32}
      SET_ATTR @105 {TXH:1051 NAME:master VALUE:   RADIX:UVM_STRING BITS=8}
      SET_ATTR @105 {TXH:1051 NAME:slave VALUE:   RADIX:UVM_STRING BITS=8}
    CLOSE_RECORDER @105 {TXH:1051 TIME=105}
    FREE_RECORDER @105 {TXH:1051}
      SET_ATTR @105 {TXH:1048 NAME:addr VALUE:d326c454   RADIX:UVM_HEX BITS=32}
      SET_ATTR @105 {TXH:1048 NAME:direction VALUE:APB_READ   RADIX:UVM_STRING BITS=16}
      SET_ATTR @105 {TXH:1048 NAME:data VALUE:0   RADIX:UVM_HEX BITS=32}
      SET_ATTR @105 {TXH:1048 NAME:master VALUE:   RADIX:UVM_STRING BITS=8}
      SET_ATTR @105 {TXH:1048 NAME:slave VALUE:   RADIX:UVM_STRING BITS=8}
    CLOSE_RECORDER @105 {TXH:1048 TIME=105}
    FREE_RECORDER @105 {TXH:1048}
    CLOSE_RECORDER @105 {TXH:944 TIME=105}
    FREE_RECORDER @105 {TXH:944}
    OPEN_RECORDER @105 {TXH:1067 STREAM:949 NAME:req TIME:0 TYPE="Object ID: \apb_package::apb_transfer @7 (@1060)
Sequencer ID: \apb_package::apb_slave_sequencer @1 (@717)
"}
  LINK @105 {TXH1:951 TXH2:1067 RELATION=child}
      SET_ATTR @115 {TXH:1054 NAME:addr VALUE:d326c454   RADIX:UVM_HEX BITS=32}
      SET_ATTR @115 {TXH:1054 NAME:direction VALUE:APB_READ   RADIX:UVM_STRING BITS=16}
      SET_ATTR @115 {TXH:1054 NAME:data VALUE:e6172b5a   RADIX:UVM_HEX BITS=32}
      SET_ATTR @115 {TXH:1054 NAME:master VALUE:master   RADIX:UVM_STRING BITS=14}
      SET_ATTR @115 {TXH:1054 NAME:slave VALUE:slave0   RADIX:UVM_STRING BITS=14}
    CLOSE_RECORDER @115 {TXH:1054 TIME=115}
    FREE_RECORDER @115 {TXH:1054}
      SET_ATTR @115 {TXH:1067 NAME:addr VALUE:d326c454   RADIX:UVM_HEX BITS=32}
      SET_ATTR @115 {TXH:1067 NAME:direction VALUE:APB_READ   RADIX:UVM_STRING BITS=16}
      SET_ATTR @115 {TXH:1067 NAME:data VALUE:e6172b5a   RADIX:UVM_HEX BITS=32}
      SET_ATTR @115 {TXH:1067 NAME:master VALUE:   RADIX:UVM_STRING BITS=8}
      SET_ATTR @115 {TXH:1067 NAME:slave VALUE:   RADIX:UVM_STRING BITS=8}
    CLOSE_RECORDER @115 {TXH:1067 TIME=115}
    FREE_RECORDER @115 {TXH:1067}
    CLOSE_RECORDER @200 {TXH:951 TIME=200}
    FREE_RECORDER @200 {TXH:951}
  CREATE_STREAM @0 {NAME:read_after_write_seq T:Transactions SCOPE:uvm_test_top.demo_tb0.apb0.master.sequencer STREAM:940}
  CREATE_STREAM @0 {NAME:read_after_write_seq T: SCOPE:uvm_test_top.demo_tb0.apb0.master.sequencer STREAM:942}
    OPEN_RECORDER @0 {TXH:944 STREAM:942 NAME:read_after_write_seq TIME:0 TYPE="Object ID: \demo_top::read_after_write_seq @1 (@923)
Sequencer ID: \apb_package::apb_master_sequencer @1 (@547)
Phase: run
"}
  CREATE_STREAM @0 {NAME:mem_response_seq T:Transactions SCOPE:uvm_test_top.demo_tb0.apb0.slave[0].sequencer STREAM:947}
  CREATE_STREAM @0 {NAME:mem_response_seq T: SCOPE:uvm_test_top.demo_tb0.apb0.slave[0].sequencer STREAM:949}
    OPEN_RECORDER @0 {TXH:951 STREAM:949 NAME:mem_response_seq TIME:0 TYPE="Object ID: \demo_top::mem_response_seq @1 (@931)
Sequencer ID: \apb_package::apb_slave_sequencer @1 (@717)
Phase: run
"}
    OPEN_RECORDER @5 {TXH:1009 STREAM:942 NAME:req TIME:0 TYPE="Object ID: \apb_package::apb_transfer @3 (@958)
Sequencer ID: \apb_package::apb_master_sequencer @1 (@547)
"}
  LINK @5 {TXH1:944 TXH2:1009 RELATION=child}
  CREATE_STREAM @5 {NAME:APB MASTER DRIVER T: SCOPE:uvm_test_top.demo_tb0.apb0.master.driver STREAM:1012}
    OPEN_RECORDER @5 {TXH:1014 STREAM:1012 NAME:req TIME:0 TYPE="APB master driver transaction from get_and_driveObject ID: \apb_package::apb_transfer @3 (@958)
Sequencer ID: \apb_package::apb_master_driver @1 (@670)
"}
      SET_ATTR @5 {TXH:1014 NAME:label VALUE:UVM Debug   RADIX:UVM_STRING BITS=17}
  LINK @5 {TXH1:944 TXH2:1014 RELATION=child}
  CREATE_STREAM @25 {NAME:APB_COLLECTOR T: SCOPE:uvm_test_top.demo_tb0.apb0.bus_collector STREAM:1018}
    OPEN_RECORDER @25 {TXH:1020 STREAM:1018 NAME:trans_collected TIME:0 TYPE="APB collector transaction inside collect_transactions()Object ID: \apb_package::apb_transfer @2 (@485)
Sequencer ID: \apb_package::apb_collector @1 (@477)
"}
      SET_ATTR @25 {TXH:1020 NAME:label VALUE:UVM Debug   RADIX:UVM_STRING BITS=17}
    OPEN_RECORDER @35 {TXH:1027 STREAM:949 NAME:req TIME:0 TYPE="Object ID: \apb_package::apb_transfer @4 (@1023)
Sequencer ID: \apb_package::apb_slave_sequencer @1 (@717)
"}
  LINK @35 {TXH1:951 TXH2:1027 RELATION=child}
      SET_ATTR @45 {TXH:1014 NAME:addr VALUE:dbfb9670   RADIX:UVM_HEX BITS=32}
      SET_ATTR @45 {TXH:1014 NAME:direction VALUE:APB_WRITE   RADIX:UVM_STRING BITS=17}
      SET_ATTR @45 {TXH:1014 NAME:data VALUE:b2f031de   RADIX:UVM_HEX BITS=32}
      SET_ATTR @45 {TXH:1014 NAME:master VALUE:   RADIX:UVM_STRING BITS=8}
      SET_ATTR @45 {TXH:1014 NAME:slave VALUE:   RADIX:UVM_STRING BITS=8}
    CLOSE_RECORDER @45 {TXH:1014 TIME=45}
    FREE_RECORDER @45 {TXH:1014}
      SET_ATTR @45 {TXH:1020 NAME:addr VALUE:dbfb9670   RADIX:UVM_HEX BITS=32}
      SET_ATTR @45 {TXH:1020 NAME:direction VALUE:APB_WRITE   RADIX:UVM_STRING BITS=17}
      SET_ATTR @45 {TXH:1020 NAME:data VALUE:b2f031de   RADIX:UVM_HEX BITS=32}
      SET_ATTR @45 {TXH:1020 NAME:master VALUE:master   RADIX:UVM_STRING BITS=14}
      SET_ATTR @45 {TXH:1020 NAME:slave VALUE:slave0   RADIX:UVM_STRING BITS=14}
    CLOSE_RECORDER @45 {TXH:1020 TIME=45}
    FREE_RECORDER @45 {TXH:1020}
      SET_ATTR @45 {TXH:1009 NAME:addr VALUE:dbfb9670   RADIX:UVM_HEX BITS=32}
      SET_ATTR @45 {TXH:1009 NAME:direction VALUE:APB_WRITE   RADIX:UVM_STRING BITS=17}
      SET_ATTR @45 {TXH:1009 NAME:data VALUE:b2f031de   RADIX:UVM_HEX BITS=32}
      SET_ATTR @45 {TXH:1009 NAME:master VALUE:   RADIX:UVM_STRING BITS=8}
      SET_ATTR @45 {TXH:1009 NAME:slave VALUE:   RADIX:UVM_STRING BITS=8}
    CLOSE_RECORDER @45 {TXH:1009 TIME=45}
    FREE_RECORDER @45 {TXH:1009}
      SET_ATTR @45 {TXH:1027 NAME:addr VALUE:dbfb9670   RADIX:UVM_HEX BITS=32}
      SET_ATTR @45 {TXH:1027 NAME:direction VALUE:APB_WRITE   RADIX:UVM_STRING BITS=17}
      SET_ATTR @45 {TXH:1027 NAME:data VALUE:b2f031de   RADIX:UVM_HEX BITS=32}
      SET_ATTR @45 {TXH:1027 NAME:master VALUE:   RADIX:UVM_STRING BITS=8}
      SET_ATTR @45 {TXH:1027 NAME:slave VALUE:   RADIX:UVM_STRING BITS=8}
    CLOSE_RECORDER @45 {TXH:1027 TIME=45}
    FREE_RECORDER @45 {TXH:1027}
    OPEN_RECORDER @55 {TXH:1048 STREAM:942 NAME:req TIME:0 TYPE="Object ID: \apb_package::apb_transfer @6 (@1042)
Sequencer ID: \apb_package::apb_master_sequencer @1 (@547)
"}
  LINK @55 {TXH1:944 TXH2:1048 RELATION=child}
    OPEN_RECORDER @55 {TXH:1051 STREAM:1012 NAME:req TIME:0 TYPE="APB master driver transaction from get_and_driveObject ID: \apb_package::apb_transfer @6 (@1042)
Sequencer ID: \apb_package::apb_master_driver @1 (@670)
"}
      SET_ATTR @55 {TXH:1051 NAME:label VALUE:UVM Debug   RADIX:UVM_STRING BITS=17}
  LINK @55 {TXH1:944 TXH2:1051 RELATION=child}
    OPEN_RECORDER @75 {TXH:1054 STREAM:1018 NAME:trans_collected TIME:0 TYPE="APB collector transaction inside collect_transactions()Object ID: \apb_package::apb_transfer @2 (@485)
Sequencer ID: \apb_package::apb_collector @1 (@477)
"}
      SET_ATTR @75 {TXH:1054 NAME:label VALUE:UVM Debug   RADIX:UVM_STRING BITS=17}
      SET_ATTR @85 {TXH:1051 NAME:addr VALUE:dbfb9670   RADIX:UVM_HEX BITS=32}
      SET_ATTR @85 {TXH:1051 NAME:direction VALUE:APB_READ   RADIX:UVM_STRING BITS=16}
      SET_ATTR @85 {TXH:1051 NAME:data VALUE:0   RADIX:UVM_HEX BITS=32}
      SET_ATTR @85 {TXH:1051 NAME:master VALUE:   RADIX:UVM_STRING BITS=8}
      SET_ATTR @85 {TXH:1051 NAME:slave VALUE:   RADIX:UVM_STRING BITS=8}
    CLOSE_RECORDER @85 {TXH:1051 TIME=85}
    FREE_RECORDER @85 {TXH:1051}
      SET_ATTR @85 {TXH:1048 NAME:addr VALUE:dbfb9670   RADIX:UVM_HEX BITS=32}
      SET_ATTR @85 {TXH:1048 NAME:direction VALUE:APB_READ   RADIX:UVM_STRING BITS=16}
      SET_ATTR @85 {TXH:1048 NAME:data VALUE:0   RADIX:UVM_HEX BITS=32}
      SET_ATTR @85 {TXH:1048 NAME:master VALUE:   RADIX:UVM_STRING BITS=8}
      SET_ATTR @85 {TXH:1048 NAME:slave VALUE:   RADIX:UVM_STRING BITS=8}
    CLOSE_RECORDER @85 {TXH:1048 TIME=85}
    FREE_RECORDER @85 {TXH:1048}
    CLOSE_RECORDER @85 {TXH:944 TIME=85}
    FREE_RECORDER @85 {TXH:944}
    OPEN_RECORDER @85 {TXH:1067 STREAM:949 NAME:req TIME:0 TYPE="Object ID: \apb_package::apb_transfer @7 (@1060)
Sequencer ID: \apb_package::apb_slave_sequencer @1 (@717)
"}
  LINK @85 {TXH1:951 TXH2:1067 RELATION=child}
      SET_ATTR @95 {TXH:1054 NAME:addr VALUE:dbfb9670   RADIX:UVM_HEX BITS=32}
      SET_ATTR @95 {TXH:1054 NAME:direction VALUE:APB_READ   RADIX:UVM_STRING BITS=16}
      SET_ATTR @95 {TXH:1054 NAME:data VALUE:b2f031de   RADIX:UVM_HEX BITS=32}
      SET_ATTR @95 {TXH:1054 NAME:master VALUE:master   RADIX:UVM_STRING BITS=14}
      SET_ATTR @95 {TXH:1054 NAME:slave VALUE:slave0   RADIX:UVM_STRING BITS=14}
    CLOSE_RECORDER @95 {TXH:1054 TIME=95}
    FREE_RECORDER @95 {TXH:1054}
      SET_ATTR @95 {TXH:1067 NAME:addr VALUE:dbfb9670   RADIX:UVM_HEX BITS=32}
      SET_ATTR @95 {TXH:1067 NAME:direction VALUE:APB_READ   RADIX:UVM_STRING BITS=16}
      SET_ATTR @95 {TXH:1067 NAME:data VALUE:b2f031de   RADIX:UVM_HEX BITS=32}
      SET_ATTR @95 {TXH:1067 NAME:master VALUE:   RADIX:UVM_STRING BITS=8}
      SET_ATTR @95 {TXH:1067 NAME:slave VALUE:   RADIX:UVM_STRING BITS=8}
    CLOSE_RECORDER @95 {TXH:1067 TIME=95}
    FREE_RECORDER @95 {TXH:1067}
    CLOSE_RECORDER @200 {TXH:951 TIME=200}
    FREE_RECORDER @200 {TXH:951}
  CREATE_STREAM @0 {NAME:read_after_write_seq T:Transactions SCOPE:uvm_test_top.demo_tb0.apb0.master.sequencer STREAM:940}
  CREATE_STREAM @0 {NAME:read_after_write_seq T: SCOPE:uvm_test_top.demo_tb0.apb0.master.sequencer STREAM:942}
    OPEN_RECORDER @0 {TXH:944 STREAM:942 NAME:read_after_write_seq TIME:0 TYPE="Object ID: \demo_top::read_after_write_seq @1 (@923)
Sequencer ID: \apb_package::apb_master_sequencer @1 (@547)
Phase: run
"}
  CREATE_STREAM @0 {NAME:mem_response_seq T:Transactions SCOPE:uvm_test_top.demo_tb0.apb0.slave[0].sequencer STREAM:947}
  CREATE_STREAM @0 {NAME:mem_response_seq T: SCOPE:uvm_test_top.demo_tb0.apb0.slave[0].sequencer STREAM:949}
    OPEN_RECORDER @0 {TXH:951 STREAM:949 NAME:mem_response_seq TIME:0 TYPE="Object ID: \demo_top::mem_response_seq @1 (@931)
Sequencer ID: \apb_package::apb_slave_sequencer @1 (@717)
Phase: run
"}
    OPEN_RECORDER @5 {TXH:1009 STREAM:942 NAME:req TIME:0 TYPE="Object ID: \apb_package::apb_transfer @3 (@958)
Sequencer ID: \apb_package::apb_master_sequencer @1 (@547)
"}
  LINK @5 {TXH1:944 TXH2:1009 RELATION=child}
  CREATE_STREAM @5 {NAME:APB MASTER DRIVER T: SCOPE:uvm_test_top.demo_tb0.apb0.master.driver STREAM:1012}
    OPEN_RECORDER @5 {TXH:1014 STREAM:1012 NAME:req TIME:0 TYPE="APB master driver transaction from get_and_driveObject ID: \apb_package::apb_transfer @3 (@958)
Sequencer ID: \apb_package::apb_master_driver @1 (@670)
"}
      SET_ATTR @5 {TXH:1014 NAME:label VALUE:UVM Debug   RADIX:UVM_STRING BITS=17}
  LINK @5 {TXH1:944 TXH2:1014 RELATION=child}
  CREATE_STREAM @105 {NAME:APB_COLLECTOR T: SCOPE:uvm_test_top.demo_tb0.apb0.bus_collector STREAM:1018}
    OPEN_RECORDER @105 {TXH:1020 STREAM:1018 NAME:trans_collected TIME:0 TYPE="APB collector transaction inside collect_transactions()Object ID: \apb_package::apb_transfer @2 (@485)
Sequencer ID: \apb_package::apb_collector @1 (@477)
"}
      SET_ATTR @105 {TXH:1020 NAME:label VALUE:UVM Debug   RADIX:UVM_STRING BITS=17}
    OPEN_RECORDER @115 {TXH:1027 STREAM:949 NAME:req TIME:0 TYPE="Object ID: \apb_package::apb_transfer @4 (@1023)
Sequencer ID: \apb_package::apb_slave_sequencer @1 (@717)
"}
  LINK @115 {TXH1:951 TXH2:1027 RELATION=child}
      SET_ATTR @125 {TXH:1014 NAME:addr VALUE:b7e669fc   RADIX:UVM_HEX BITS=32}
      SET_ATTR @125 {TXH:1014 NAME:direction VALUE:APB_WRITE   RADIX:UVM_STRING BITS=17}
      SET_ATTR @125 {TXH:1014 NAME:data VALUE:d3e0c300   RADIX:UVM_HEX BITS=32}
      SET_ATTR @125 {TXH:1014 NAME:master VALUE:   RADIX:UVM_STRING BITS=8}
      SET_ATTR @125 {TXH:1014 NAME:slave VALUE:   RADIX:UVM_STRING BITS=8}
    CLOSE_RECORDER @125 {TXH:1014 TIME=125}
    FREE_RECORDER @125 {TXH:1014}
      SET_ATTR @125 {TXH:1020 NAME:addr VALUE:b7e669fc   RADIX:UVM_HEX BITS=32}
      SET_ATTR @125 {TXH:1020 NAME:direction VALUE:APB_WRITE   RADIX:UVM_STRING BITS=17}
      SET_ATTR @125 {TXH:1020 NAME:data VALUE:d3e0c300   RADIX:UVM_HEX BITS=32}
      SET_ATTR @125 {TXH:1020 NAME:master VALUE:master   RADIX:UVM_STRING BITS=14}
      SET_ATTR @125 {TXH:1020 NAME:slave VALUE:slave0   RADIX:UVM_STRING BITS=14}
    CLOSE_RECORDER @125 {TXH:1020 TIME=125}
    FREE_RECORDER @125 {TXH:1020}
      SET_ATTR @125 {TXH:1009 NAME:addr VALUE:b7e669fc   RADIX:UVM_HEX BITS=32}
      SET_ATTR @125 {TXH:1009 NAME:direction VALUE:APB_WRITE   RADIX:UVM_STRING BITS=17}
      SET_ATTR @125 {TXH:1009 NAME:data VALUE:d3e0c300   RADIX:UVM_HEX BITS=32}
      SET_ATTR @125 {TXH:1009 NAME:master VALUE:   RADIX:UVM_STRING BITS=8}
      SET_ATTR @125 {TXH:1009 NAME:slave VALUE:   RADIX:UVM_STRING BITS=8}
    CLOSE_RECORDER @125 {TXH:1009 TIME=125}
    FREE_RECORDER @125 {TXH:1009}
      SET_ATTR @125 {TXH:1027 NAME:addr VALUE:b7e669fc   RADIX:UVM_HEX BITS=32}
      SET_ATTR @125 {TXH:1027 NAME:direction VALUE:APB_WRITE   RADIX:UVM_STRING BITS=17}
      SET_ATTR @125 {TXH:1027 NAME:data VALUE:d3e0c300   RADIX:UVM_HEX BITS=32}
      SET_ATTR @125 {TXH:1027 NAME:master VALUE:   RADIX:UVM_STRING BITS=8}
      SET_ATTR @125 {TXH:1027 NAME:slave VALUE:   RADIX:UVM_STRING BITS=8}
    CLOSE_RECORDER @125 {TXH:1027 TIME=125}
    FREE_RECORDER @125 {TXH:1027}
    OPEN_RECORDER @135 {TXH:1048 STREAM:942 NAME:req TIME:0 TYPE="Object ID: \apb_package::apb_transfer @6 (@1042)
Sequencer ID: \apb_package::apb_master_sequencer @1 (@547)
"}
  LINK @135 {TXH1:944 TXH2:1048 RELATION=child}
    OPEN_RECORDER @135 {TXH:1051 STREAM:1012 NAME:req TIME:0 TYPE="APB master driver transaction from get_and_driveObject ID: \apb_package::apb_transfer @6 (@1042)
Sequencer ID: \apb_package::apb_master_driver @1 (@670)
"}
      SET_ATTR @135 {TXH:1051 NAME:label VALUE:UVM Debug   RADIX:UVM_STRING BITS=17}
  LINK @135 {TXH1:944 TXH2:1051 RELATION=child}
    CLOSE_RECORDER @200 {TXH:951 TIME=200}
    FREE_RECORDER @200 {TXH:951}
    CLOSE_RECORDER @200 {TXH:944 TIME=200}
    FREE_RECORDER @200 {TXH:944}
  CREATE_STREAM @0 {NAME:read_after_write_seq T:Transactions SCOPE:uvm_test_top.demo_tb0.apb0.master.sequencer STREAM:940}
  CREATE_STREAM @0 {NAME:read_after_write_seq T: SCOPE:uvm_test_top.demo_tb0.apb0.master.sequencer STREAM:942}
    OPEN_RECORDER @0 {TXH:944 STREAM:942 NAME:read_after_write_seq TIME:0 TYPE="Object ID: \demo_top::read_after_write_seq @1 (@923)
Sequencer ID: \apb_package::apb_master_sequencer @1 (@547)
Phase: run
"}
  CREATE_STREAM @0 {NAME:mem_response_seq T:Transactions SCOPE:uvm_test_top.demo_tb0.apb0.slave[0].sequencer STREAM:947}
  CREATE_STREAM @0 {NAME:mem_response_seq T: SCOPE:uvm_test_top.demo_tb0.apb0.slave[0].sequencer STREAM:949}
    OPEN_RECORDER @0 {TXH:951 STREAM:949 NAME:mem_response_seq TIME:0 TYPE="Object ID: \demo_top::mem_response_seq @1 (@931)
Sequencer ID: \apb_package::apb_slave_sequencer @1 (@717)
Phase: run
"}
    OPEN_RECORDER @5 {TXH:1009 STREAM:942 NAME:req TIME:0 TYPE="Object ID: \apb_package::apb_transfer @3 (@958)
Sequencer ID: \apb_package::apb_master_sequencer @1 (@547)
"}
  LINK @5 {TXH1:944 TXH2:1009 RELATION=child}
  CREATE_STREAM @5 {NAME:APB MASTER DRIVER T: SCOPE:uvm_test_top.demo_tb0.apb0.master.driver STREAM:1012}
    OPEN_RECORDER @5 {TXH:1014 STREAM:1012 NAME:req TIME:0 TYPE="APB master driver transaction from get_and_driveObject ID: \apb_package::apb_transfer @3 (@958)
Sequencer ID: \apb_package::apb_master_driver @1 (@670)
"}
      SET_ATTR @5 {TXH:1014 NAME:label VALUE:UVM Debug   RADIX:UVM_STRING BITS=17}
  LINK @5 {TXH1:944 TXH2:1014 RELATION=child}
  CREATE_STREAM @55 {NAME:APB_COLLECTOR T: SCOPE:uvm_test_top.demo_tb0.apb0.bus_collector STREAM:1018}
    OPEN_RECORDER @55 {TXH:1020 STREAM:1018 NAME:trans_collected TIME:0 TYPE="APB collector transaction inside collect_transactions()Object ID: \apb_package::apb_transfer @2 (@485)
Sequencer ID: \apb_package::apb_collector @1 (@477)
"}
      SET_ATTR @55 {TXH:1020 NAME:label VALUE:UVM Debug   RADIX:UVM_STRING BITS=17}
    OPEN_RECORDER @65 {TXH:1027 STREAM:949 NAME:req TIME:0 TYPE="Object ID: \apb_package::apb_transfer @4 (@1023)
Sequencer ID: \apb_package::apb_slave_sequencer @1 (@717)
"}
  LINK @65 {TXH1:951 TXH2:1027 RELATION=child}
      SET_ATTR @75 {TXH:1014 NAME:addr VALUE:d8153640   RADIX:UVM_HEX BITS=32}
      SET_ATTR @75 {TXH:1014 NAME:direction VALUE:APB_WRITE   RADIX:UVM_STRING BITS=17}
      SET_ATTR @75 {TXH:1014 NAME:data VALUE:3705bd5b   RADIX:UVM_HEX BITS=32}
      SET_ATTR @75 {TXH:1014 NAME:master VALUE:   RADIX:UVM_STRING BITS=8}
      SET_ATTR @75 {TXH:1014 NAME:slave VALUE:   RADIX:UVM_STRING BITS=8}
    CLOSE_RECORDER @75 {TXH:1014 TIME=75}
    FREE_RECORDER @75 {TXH:1014}
      SET_ATTR @75 {TXH:1020 NAME:addr VALUE:d8153640   RADIX:UVM_HEX BITS=32}
      SET_ATTR @75 {TXH:1020 NAME:direction VALUE:APB_WRITE   RADIX:UVM_STRING BITS=17}
      SET_ATTR @75 {TXH:1020 NAME:data VALUE:3705bd5b   RADIX:UVM_HEX BITS=32}
      SET_ATTR @75 {TXH:1020 NAME:master VALUE:master   RADIX:UVM_STRING BITS=14}
      SET_ATTR @75 {TXH:1020 NAME:slave VALUE:slave0   RADIX:UVM_STRING BITS=14}
    CLOSE_RECORDER @75 {TXH:1020 TIME=75}
    FREE_RECORDER @75 {TXH:1020}
      SET_ATTR @75 {TXH:1009 NAME:addr VALUE:d8153640   RADIX:UVM_HEX BITS=32}
      SET_ATTR @75 {TXH:1009 NAME:direction VALUE:APB_WRITE   RADIX:UVM_STRING BITS=17}
      SET_ATTR @75 {TXH:1009 NAME:data VALUE:3705bd5b   RADIX:UVM_HEX BITS=32}
      SET_ATTR @75 {TXH:1009 NAME:master VALUE:   RADIX:UVM_STRING BITS=8}
      SET_ATTR @75 {TXH:1009 NAME:slave VALUE:   RADIX:UVM_STRING BITS=8}
    CLOSE_RECORDER @75 {TXH:1009 TIME=75}
    FREE_RECORDER @75 {TXH:1009}
      SET_ATTR @75 {TXH:1027 NAME:addr VALUE:d8153640   RADIX:UVM_HEX BITS=32}
      SET_ATTR @75 {TXH:1027 NAME:direction VALUE:APB_WRITE   RADIX:UVM_STRING BITS=17}
      SET_ATTR @75 {TXH:1027 NAME:data VALUE:3705bd5b   RADIX:UVM_HEX BITS=32}
      SET_ATTR @75 {TXH:1027 NAME:master VALUE:   RADIX:UVM_STRING BITS=8}
      SET_ATTR @75 {TXH:1027 NAME:slave VALUE:   RADIX:UVM_STRING BITS=8}
    CLOSE_RECORDER @75 {TXH:1027 TIME=75}
    FREE_RECORDER @75 {TXH:1027}
    OPEN_RECORDER @85 {TXH:1048 STREAM:942 NAME:req TIME:0 TYPE="Object ID: \apb_package::apb_transfer @6 (@1042)
Sequencer ID: \apb_package::apb_master_sequencer @1 (@547)
"}
  LINK @85 {TXH1:944 TXH2:1048 RELATION=child}
    OPEN_RECORDER @85 {TXH:1051 STREAM:1012 NAME:req TIME:0 TYPE="APB master driver transaction from get_and_driveObject ID: \apb_package::apb_transfer @6 (@1042)
Sequencer ID: \apb_package::apb_master_driver @1 (@670)
"}
      SET_ATTR @85 {TXH:1051 NAME:label VALUE:UVM Debug   RADIX:UVM_STRING BITS=17}
  LINK @85 {TXH1:944 TXH2:1051 RELATION=child}
    OPEN_RECORDER @135 {TXH:1054 STREAM:1018 NAME:trans_collected TIME:0 TYPE="APB collector transaction inside collect_transactions()Object ID: \apb_package::apb_transfer @2 (@485)
Sequencer ID: \apb_package::apb_collector @1 (@477)
"}
      SET_ATTR @135 {TXH:1054 NAME:label VALUE:UVM Debug   RADIX:UVM_STRING BITS=17}
      SET_ATTR @145 {TXH:1051 NAME:addr VALUE:d8153640   RADIX:UVM_HEX BITS=32}
      SET_ATTR @145 {TXH:1051 NAME:direction VALUE:APB_READ   RADIX:UVM_STRING BITS=16}
      SET_ATTR @145 {TXH:1051 NAME:data VALUE:0   RADIX:UVM_HEX BITS=32}
      SET_ATTR @145 {TXH:1051 NAME:master VALUE:   RADIX:UVM_STRING BITS=8}
      SET_ATTR @145 {TXH:1051 NAME:slave VALUE:   RADIX:UVM_STRING BITS=8}
    CLOSE_RECORDER @145 {TXH:1051 TIME=145}
    FREE_RECORDER @145 {TXH:1051}
      SET_ATTR @145 {TXH:1048 NAME:addr VALUE:d8153640   RADIX:UVM_HEX BITS=32}
      SET_ATTR @145 {TXH:1048 NAME:direction VALUE:APB_READ   RADIX:UVM_STRING BITS=16}
      SET_ATTR @145 {TXH:1048 NAME:data VALUE:0   RADIX:UVM_HEX BITS=32}
      SET_ATTR @145 {TXH:1048 NAME:master VALUE:   RADIX:UVM_STRING BITS=8}
      SET_ATTR @145 {TXH:1048 NAME:slave VALUE:   RADIX:UVM_STRING BITS=8}
    CLOSE_RECORDER @145 {TXH:1048 TIME=145}
    FREE_RECORDER @145 {TXH:1048}
    CLOSE_RECORDER @145 {TXH:944 TIME=145}
    FREE_RECORDER @145 {TXH:944}
    OPEN_RECORDER @145 {TXH:1067 STREAM:949 NAME:req TIME:0 TYPE="Object ID: \apb_package::apb_transfer @7 (@1060)
Sequencer ID: \apb_package::apb_slave_sequencer @1 (@717)
"}
  LINK @145 {TXH1:951 TXH2:1067 RELATION=child}
      SET_ATTR @155 {TXH:1054 NAME:addr VALUE:d8153640   RADIX:UVM_HEX BITS=32}
      SET_ATTR @155 {TXH:1054 NAME:direction VALUE:APB_READ   RADIX:UVM_STRING BITS=16}
      SET_ATTR @155 {TXH:1054 NAME:data VALUE:3705bd5b   RADIX:UVM_HEX BITS=32}
      SET_ATTR @155 {TXH:1054 NAME:master VALUE:master   RADIX:UVM_STRING BITS=14}
      SET_ATTR @155 {TXH:1054 NAME:slave VALUE:slave0   RADIX:UVM_STRING BITS=14}
    CLOSE_RECORDER @155 {TXH:1054 TIME=155}
    FREE_RECORDER @155 {TXH:1054}
      SET_ATTR @155 {TXH:1067 NAME:addr VALUE:d8153640   RADIX:UVM_HEX BITS=32}
      SET_ATTR @155 {TXH:1067 NAME:direction VALUE:APB_READ   RADIX:UVM_STRING BITS=16}
      SET_ATTR @155 {TXH:1067 NAME:data VALUE:3705bd5b   RADIX:UVM_HEX BITS=32}
      SET_ATTR @155 {TXH:1067 NAME:master VALUE:   RADIX:UVM_STRING BITS=8}
      SET_ATTR @155 {TXH:1067 NAME:slave VALUE:   RADIX:UVM_STRING BITS=8}
    CLOSE_RECORDER @155 {TXH:1067 TIME=155}
    FREE_RECORDER @155 {TXH:1067}
    CLOSE_RECORDER @200 {TXH:951 TIME=200}
    FREE_RECORDER @200 {TXH:951}
